CRITICAL - 2025-09-14 01:25:23 --> ErrorException: Undefined variable $grado
[Method: GET, Route: estudiantes]
in APPPATH\Views\Estudiantes.php on line 102.
 1 APPPATH\Views\Estudiantes.php(102): CodeIgniter\Debug\Exceptions->errorHandler(2, 'Undefined variable $grado', 'C:\\wamp64\\www\\fs2025\\ADHD03\\app\\Views\\Estudiantes.php', 102)
 2 SYSTEMPATH\View\View.php(226): include('C:\\wamp64\\www\\fs2025\\ADHD03\\app\\Views\\Estudiantes.php')
 3 SYSTEMPATH\View\View.php(229): CodeIgniter\View\View->CodeIgniter\View\{closure}()
 4 SYSTEMPATH\Common.php(1167): CodeIgniter\View\View->render('estudiantes', [], true)
 5 APPPATH\Controllers\EstudiantesController.php(13): view('estudiantes', [...])
 6 SYSTEMPATH\CodeIgniter.php(933): App\Controllers\EstudiantesController->index()
 7 SYSTEMPATH\CodeIgniter.php(507): CodeIgniter\CodeIgniter->runController(Object(App\Controllers\EstudiantesController))
 8 SYSTEMPATH\CodeIgniter.php(354): CodeIgniter\CodeIgniter->handleRequest(null, Object(Config\Cache), false)
 9 SYSTEMPATH\Boot.php(363): CodeIgniter\CodeIgniter->run()
10 SYSTEMPATH\Boot.php(68): CodeIgniter\Boot::runCodeIgniter(Object(CodeIgniter\CodeIgniter))
11 FCPATH\index.php(59): CodeIgniter\Boot::bootWeb(Object(Config\Paths))
ERROR - 2025-09-14 02:44:31 --> mysqli_sql_exception: Column 'carne_alumno' cannot be null in C:\wamp64\www\fs2025\ADHD03\system\Database\MySQLi\Connection.php:327
Stack trace:
#0 C:\wamp64\www\fs2025\ADHD03\system\Database\MySQLi\Connection.php(327): mysqli->query('INSERT INTO `es...', 0)
#1 C:\wamp64\www\fs2025\ADHD03\system\Database\BaseConnection.php(729): CodeIgniter\Database\MySQLi\Connection->execute('INSERT INTO `es...')
#2 C:\wamp64\www\fs2025\ADHD03\system\Database\BaseConnection.php(646): CodeIgniter\Database\BaseConnection->simpleQuery('INSERT INTO `es...')
#3 C:\wamp64\www\fs2025\ADHD03\system\Database\BaseBuilder.php(2345): CodeIgniter\Database\BaseConnection->query('INSERT INTO `es...', Array, false)
#4 C:\wamp64\www\fs2025\ADHD03\system\Model.php(394): CodeIgniter\Database\BaseBuilder->insert()
#5 C:\wamp64\www\fs2025\ADHD03\system\BaseModel.php(838): CodeIgniter\Model->doInsert(Array)
#6 C:\wamp64\www\fs2025\ADHD03\system\Model.php(797): CodeIgniter\BaseModel->insert(Array, true)
#7 C:\wamp64\www\fs2025\ADHD03\app\Controllers\EstudiantesController.php(29): CodeIgniter\Model->insert(Array)
#8 C:\wamp64\www\fs2025\ADHD03\system\CodeIgniter.php(933): App\Controllers\EstudiantesController->agregar()
#9 C:\wamp64\www\fs2025\ADHD03\system\CodeIgniter.php(507): CodeIgniter\CodeIgniter->runController(Object(App\Controllers\EstudiantesController))
#10 C:\wamp64\www\fs2025\ADHD03\system\CodeIgniter.php(354): CodeIgniter\CodeIgniter->handleRequest(NULL, Object(Config\Cache), false)
#11 C:\wamp64\www\fs2025\ADHD03\system\Boot.php(363): CodeIgniter\CodeIgniter->run()
#12 C:\wamp64\www\fs2025\ADHD03\system\Boot.php(68): CodeIgniter\Boot::runCodeIgniter(Object(CodeIgniter\CodeIgniter))
#13 C:\wamp64\www\fs2025\ADHD03\public\index.php(59): CodeIgniter\Boot::bootWeb(Object(Config\Paths))
#14 {main}
CRITICAL - 2025-09-14 02:44:31 --> CodeIgniter\Database\Exceptions\DatabaseException: Column 'carne_alumno' cannot be null
[Method: POST, Route: agregarEstudiante]
in SYSTEMPATH\Database\BaseConnection.php on line 684.
 1 SYSTEMPATH\Database\BaseBuilder.php(2345): CodeIgniter\Database\BaseConnection->query('INSERT INTO `estudiantes` (`carne_alumno`, `nombre`, `apellido`, `direccion`, `telefono`, `email`, `fechanacimiento`, `codigo_grado`) VALUES (:carne_alumno:, :nombre:, :apellido:, :direccion:, :telefono:, :email:, :fechanacimiento:, :codigo_grado:)', [...], false)
 2 SYSTEMPATH\Model.php(394): CodeIgniter\Database\BaseBuilder->insert()
 3 SYSTEMPATH\BaseModel.php(838): CodeIgniter\Model->doInsert([...])
 4 SYSTEMPATH\Model.php(797): CodeIgniter\BaseModel->insert([...], true)
 5 APPPATH\Controllers\EstudiantesController.php(29): CodeIgniter\Model->insert([...])
 6 SYSTEMPATH\CodeIgniter.php(933): App\Controllers\EstudiantesController->agregar()
 7 SYSTEMPATH\CodeIgniter.php(507): CodeIgniter\CodeIgniter->runController(Object(App\Controllers\EstudiantesController))
 8 SYSTEMPATH\CodeIgniter.php(354): CodeIgniter\CodeIgniter->handleRequest(null, Object(Config\Cache), false)
 9 SYSTEMPATH\Boot.php(363): CodeIgniter\CodeIgniter->run()
10 SYSTEMPATH\Boot.php(68): CodeIgniter\Boot::runCodeIgniter(Object(CodeIgniter\CodeIgniter))
11 FCPATH\index.php(59): CodeIgniter\Boot::bootWeb(Object(Config\Paths))
CRITICAL - 2025-09-14 02:44:31 --> [Caused by] CodeIgniter\Database\Exceptions\DatabaseException: Column 'carne_alumno' cannot be null
in SYSTEMPATH\Database\MySQLi\Connection.php on line 332.
 1 SYSTEMPATH\Database\BaseConnection.php(729): CodeIgniter\Database\MySQLi\Connection->execute('INSERT INTO `estudiantes` (`carne_alumno`, `nombre`, `apellido`, `direccion`, `telefono`, `email`, `fechanacimiento`, `codigo_grado`) VALUES (NULL, \'Juanito Eliris\', \'Inventado Mamahuevinho\', \'Avenida Elena 28-89 Zona 1\', NULL, \'juanito@email.com\', \'1998-07-14\', NULL)')
 2 SYSTEMPATH\Database\BaseConnection.php(646): CodeIgniter\Database\BaseConnection->simpleQuery('INSERT INTO `estudiantes` (`carne_alumno`, `nombre`, `apellido`, `direccion`, `telefono`, `email`, `fechanacimiento`, `codigo_grado`) VALUES (NULL, \'Juanito Eliris\', \'Inventado Mamahuevinho\', \'Avenida Elena 28-89 Zona 1\', NULL, \'juanito@email.com\', \'1998-07-14\', NULL)')
 3 SYSTEMPATH\Database\BaseBuilder.php(2345): CodeIgniter\Database\BaseConnection->query('INSERT INTO `estudiantes` (`carne_alumno`, `nombre`, `apellido`, `direccion`, `telefono`, `email`, `fechanacimiento`, `codigo_grado`) VALUES (:carne_alumno:, :nombre:, :apellido:, :direccion:, :telefono:, :email:, :fechanacimiento:, :codigo_grado:)', [...], false)
 4 SYSTEMPATH\Model.php(394): CodeIgniter\Database\BaseBuilder->insert()
 5 SYSTEMPATH\BaseModel.php(838): CodeIgniter\Model->doInsert([...])
 6 SYSTEMPATH\Model.php(797): CodeIgniter\BaseModel->insert([...], true)
 7 APPPATH\Controllers\EstudiantesController.php(29): CodeIgniter\Model->insert([...])
 8 SYSTEMPATH\CodeIgniter.php(933): App\Controllers\EstudiantesController->agregar()
 9 SYSTEMPATH\CodeIgniter.php(507): CodeIgniter\CodeIgniter->runController(Object(App\Controllers\EstudiantesController))
10 SYSTEMPATH\CodeIgniter.php(354): CodeIgniter\CodeIgniter->handleRequest(null, Object(Config\Cache), false)
11 SYSTEMPATH\Boot.php(363): CodeIgniter\CodeIgniter->run()
12 SYSTEMPATH\Boot.php(68): CodeIgniter\Boot::runCodeIgniter(Object(CodeIgniter\CodeIgniter))
13 FCPATH\index.php(59): CodeIgniter\Boot::bootWeb(Object(Config\Paths))
CRITICAL - 2025-09-14 02:44:31 --> [Caused by] mysqli_sql_exception: Column 'carne_alumno' cannot be null
in SYSTEMPATH\Database\MySQLi\Connection.php on line 327.
 1 SYSTEMPATH\Database\MySQLi\Connection.php(327): mysqli->query('INSERT INTO `estudiantes` (`carne_alumno`, `nombre`, `apellido`, `direccion`, `telefono`, `email`, `fechanacimiento`, `codigo_grado`) VALUES (NULL, \'Juanito Eliris\', \'Inventado Mamahuevinho\', \'Avenida Elena 28-89 Zona 1\', NULL, \'juanito@email.com\', \'1998-07-14\', NULL)', 0)
 2 SYSTEMPATH\Database\BaseConnection.php(729): CodeIgniter\Database\MySQLi\Connection->execute('INSERT INTO `estudiantes` (`carne_alumno`, `nombre`, `apellido`, `direccion`, `telefono`, `email`, `fechanacimiento`, `codigo_grado`) VALUES (NULL, \'Juanito Eliris\', \'Inventado Mamahuevinho\', \'Avenida Elena 28-89 Zona 1\', NULL, \'juanito@email.com\', \'1998-07-14\', NULL)')
 3 SYSTEMPATH\Database\BaseConnection.php(646): CodeIgniter\Database\BaseConnection->simpleQuery('INSERT INTO `estudiantes` (`carne_alumno`, `nombre`, `apellido`, `direccion`, `telefono`, `email`, `fechanacimiento`, `codigo_grado`) VALUES (NULL, \'Juanito Eliris\', \'Inventado Mamahuevinho\', \'Avenida Elena 28-89 Zona 1\', NULL, \'juanito@email.com\', \'1998-07-14\', NULL)')
 4 SYSTEMPATH\Database\BaseBuilder.php(2345): CodeIgniter\Database\BaseConnection->query('INSERT INTO `estudiantes` (`carne_alumno`, `nombre`, `apellido`, `direccion`, `telefono`, `email`, `fechanacimiento`, `codigo_grado`) VALUES (:carne_alumno:, :nombre:, :apellido:, :direccion:, :telefono:, :email:, :fechanacimiento:, :codigo_grado:)', [...], false)
 5 SYSTEMPATH\Model.php(394): CodeIgniter\Database\BaseBuilder->insert()
 6 SYSTEMPATH\BaseModel.php(838): CodeIgniter\Model->doInsert([...])
 7 SYSTEMPATH\Model.php(797): CodeIgniter\BaseModel->insert([...], true)
 8 APPPATH\Controllers\EstudiantesController.php(29): CodeIgniter\Model->insert([...])
 9 SYSTEMPATH\CodeIgniter.php(933): App\Controllers\EstudiantesController->agregar()
10 SYSTEMPATH\CodeIgniter.php(507): CodeIgniter\CodeIgniter->runController(Object(App\Controllers\EstudiantesController))
11 SYSTEMPATH\CodeIgniter.php(354): CodeIgniter\CodeIgniter->handleRequest(null, Object(Config\Cache), false)
12 SYSTEMPATH\Boot.php(363): CodeIgniter\CodeIgniter->run()
13 SYSTEMPATH\Boot.php(68): CodeIgniter\Boot::runCodeIgniter(Object(CodeIgniter\CodeIgniter))
14 FCPATH\index.php(59): CodeIgniter\Boot::bootWeb(Object(Config\Paths))
ERROR - 2025-09-14 02:45:00 --> mysqli_sql_exception: Column 'carne_alumno' cannot be null in C:\wamp64\www\fs2025\ADHD03\system\Database\MySQLi\Connection.php:327
Stack trace:
#0 C:\wamp64\www\fs2025\ADHD03\system\Database\MySQLi\Connection.php(327): mysqli->query('INSERT INTO `es...', 0)
#1 C:\wamp64\www\fs2025\ADHD03\system\Database\BaseConnection.php(729): CodeIgniter\Database\MySQLi\Connection->execute('INSERT INTO `es...')
#2 C:\wamp64\www\fs2025\ADHD03\system\Database\BaseConnection.php(646): CodeIgniter\Database\BaseConnection->simpleQuery('INSERT INTO `es...')
#3 C:\wamp64\www\fs2025\ADHD03\system\Database\BaseBuilder.php(2345): CodeIgniter\Database\BaseConnection->query('INSERT INTO `es...', Array, false)
#4 C:\wamp64\www\fs2025\ADHD03\system\Model.php(394): CodeIgniter\Database\BaseBuilder->insert()
#5 C:\wamp64\www\fs2025\ADHD03\system\BaseModel.php(838): CodeIgniter\Model->doInsert(Array)
#6 C:\wamp64\www\fs2025\ADHD03\system\Model.php(797): CodeIgniter\BaseModel->insert(Array, true)
#7 C:\wamp64\www\fs2025\ADHD03\app\Controllers\EstudiantesController.php(29): CodeIgniter\Model->insert(Array)
#8 C:\wamp64\www\fs2025\ADHD03\system\CodeIgniter.php(933): App\Controllers\EstudiantesController->agregar()
#9 C:\wamp64\www\fs2025\ADHD03\system\CodeIgniter.php(507): CodeIgniter\CodeIgniter->runController(Object(App\Controllers\EstudiantesController))
#10 C:\wamp64\www\fs2025\ADHD03\system\CodeIgniter.php(354): CodeIgniter\CodeIgniter->handleRequest(NULL, Object(Config\Cache), false)
#11 C:\wamp64\www\fs2025\ADHD03\system\Boot.php(363): CodeIgniter\CodeIgniter->run()
#12 C:\wamp64\www\fs2025\ADHD03\system\Boot.php(68): CodeIgniter\Boot::runCodeIgniter(Object(CodeIgniter\CodeIgniter))
#13 C:\wamp64\www\fs2025\ADHD03\public\index.php(59): CodeIgniter\Boot::bootWeb(Object(Config\Paths))
#14 {main}
CRITICAL - 2025-09-14 02:45:00 --> CodeIgniter\Database\Exceptions\DatabaseException: Column 'carne_alumno' cannot be null
[Method: POST, Route: agregarEstudiante]
in SYSTEMPATH\Database\BaseConnection.php on line 684.
 1 SYSTEMPATH\Database\BaseBuilder.php(2345): CodeIgniter\Database\BaseConnection->query('INSERT INTO `estudiantes` (`carne_alumno`, `nombre`, `apellido`, `direccion`, `telefono`, `email`, `fechanacimiento`, `codigo_grado`) VALUES (:carne_alumno:, :nombre:, :apellido:, :direccion:, :telefono:, :email:, :fechanacimiento:, :codigo_grado:)', [...], false)
 2 SYSTEMPATH\Model.php(394): CodeIgniter\Database\BaseBuilder->insert()
 3 SYSTEMPATH\BaseModel.php(838): CodeIgniter\Model->doInsert([...])
 4 SYSTEMPATH\Model.php(797): CodeIgniter\BaseModel->insert([...], true)
 5 APPPATH\Controllers\EstudiantesController.php(29): CodeIgniter\Model->insert([...])
 6 SYSTEMPATH\CodeIgniter.php(933): App\Controllers\EstudiantesController->agregar()
 7 SYSTEMPATH\CodeIgniter.php(507): CodeIgniter\CodeIgniter->runController(Object(App\Controllers\EstudiantesController))
 8 SYSTEMPATH\CodeIgniter.php(354): CodeIgniter\CodeIgniter->handleRequest(null, Object(Config\Cache), false)
 9 SYSTEMPATH\Boot.php(363): CodeIgniter\CodeIgniter->run()
10 SYSTEMPATH\Boot.php(68): CodeIgniter\Boot::runCodeIgniter(Object(CodeIgniter\CodeIgniter))
11 FCPATH\index.php(59): CodeIgniter\Boot::bootWeb(Object(Config\Paths))
CRITICAL - 2025-09-14 02:45:00 --> [Caused by] CodeIgniter\Database\Exceptions\DatabaseException: Column 'carne_alumno' cannot be null
in SYSTEMPATH\Database\MySQLi\Connection.php on line 332.
 1 SYSTEMPATH\Database\BaseConnection.php(729): CodeIgniter\Database\MySQLi\Connection->execute('INSERT INTO `estudiantes` (`carne_alumno`, `nombre`, `apellido`, `direccion`, `telefono`, `email`, `fechanacimiento`, `codigo_grado`) VALUES (NULL, \'Juanito Eliris\', \'Inventado Mamahuevinho\', \'Avenida Elena 28-89 Zona 1\', NULL, \'juanito@email.com\', \'1998-07-14\', NULL)')
 2 SYSTEMPATH\Database\BaseConnection.php(646): CodeIgniter\Database\BaseConnection->simpleQuery('INSERT INTO `estudiantes` (`carne_alumno`, `nombre`, `apellido`, `direccion`, `telefono`, `email`, `fechanacimiento`, `codigo_grado`) VALUES (NULL, \'Juanito Eliris\', \'Inventado Mamahuevinho\', \'Avenida Elena 28-89 Zona 1\', NULL, \'juanito@email.com\', \'1998-07-14\', NULL)')
 3 SYSTEMPATH\Database\BaseBuilder.php(2345): CodeIgniter\Database\BaseConnection->query('INSERT INTO `estudiantes` (`carne_alumno`, `nombre`, `apellido`, `direccion`, `telefono`, `email`, `fechanacimiento`, `codigo_grado`) VALUES (:carne_alumno:, :nombre:, :apellido:, :direccion:, :telefono:, :email:, :fechanacimiento:, :codigo_grado:)', [...], false)
 4 SYSTEMPATH\Model.php(394): CodeIgniter\Database\BaseBuilder->insert()
 5 SYSTEMPATH\BaseModel.php(838): CodeIgniter\Model->doInsert([...])
 6 SYSTEMPATH\Model.php(797): CodeIgniter\BaseModel->insert([...], true)
 7 APPPATH\Controllers\EstudiantesController.php(29): CodeIgniter\Model->insert([...])
 8 SYSTEMPATH\CodeIgniter.php(933): App\Controllers\EstudiantesController->agregar()
 9 SYSTEMPATH\CodeIgniter.php(507): CodeIgniter\CodeIgniter->runController(Object(App\Controllers\EstudiantesController))
10 SYSTEMPATH\CodeIgniter.php(354): CodeIgniter\CodeIgniter->handleRequest(null, Object(Config\Cache), false)
11 SYSTEMPATH\Boot.php(363): CodeIgniter\CodeIgniter->run()
12 SYSTEMPATH\Boot.php(68): CodeIgniter\Boot::runCodeIgniter(Object(CodeIgniter\CodeIgniter))
13 FCPATH\index.php(59): CodeIgniter\Boot::bootWeb(Object(Config\Paths))
CRITICAL - 2025-09-14 02:45:00 --> [Caused by] mysqli_sql_exception: Column 'carne_alumno' cannot be null
in SYSTEMPATH\Database\MySQLi\Connection.php on line 327.
 1 SYSTEMPATH\Database\MySQLi\Connection.php(327): mysqli->query('INSERT INTO `estudiantes` (`carne_alumno`, `nombre`, `apellido`, `direccion`, `telefono`, `email`, `fechanacimiento`, `codigo_grado`) VALUES (NULL, \'Juanito Eliris\', \'Inventado Mamahuevinho\', \'Avenida Elena 28-89 Zona 1\', NULL, \'juanito@email.com\', \'1998-07-14\', NULL)', 0)
 2 SYSTEMPATH\Database\BaseConnection.php(729): CodeIgniter\Database\MySQLi\Connection->execute('INSERT INTO `estudiantes` (`carne_alumno`, `nombre`, `apellido`, `direccion`, `telefono`, `email`, `fechanacimiento`, `codigo_grado`) VALUES (NULL, \'Juanito Eliris\', \'Inventado Mamahuevinho\', \'Avenida Elena 28-89 Zona 1\', NULL, \'juanito@email.com\', \'1998-07-14\', NULL)')
 3 SYSTEMPATH\Database\BaseConnection.php(646): CodeIgniter\Database\BaseConnection->simpleQuery('INSERT INTO `estudiantes` (`carne_alumno`, `nombre`, `apellido`, `direccion`, `telefono`, `email`, `fechanacimiento`, `codigo_grado`) VALUES (NULL, \'Juanito Eliris\', \'Inventado Mamahuevinho\', \'Avenida Elena 28-89 Zona 1\', NULL, \'juanito@email.com\', \'1998-07-14\', NULL)')
 4 SYSTEMPATH\Database\BaseBuilder.php(2345): CodeIgniter\Database\BaseConnection->query('INSERT INTO `estudiantes` (`carne_alumno`, `nombre`, `apellido`, `direccion`, `telefono`, `email`, `fechanacimiento`, `codigo_grado`) VALUES (:carne_alumno:, :nombre:, :apellido:, :direccion:, :telefono:, :email:, :fechanacimiento:, :codigo_grado:)', [...], false)
 5 SYSTEMPATH\Model.php(394): CodeIgniter\Database\BaseBuilder->insert()
 6 SYSTEMPATH\BaseModel.php(838): CodeIgniter\Model->doInsert([...])
 7 SYSTEMPATH\Model.php(797): CodeIgniter\BaseModel->insert([...], true)
 8 APPPATH\Controllers\EstudiantesController.php(29): CodeIgniter\Model->insert([...])
 9 SYSTEMPATH\CodeIgniter.php(933): App\Controllers\EstudiantesController->agregar()
10 SYSTEMPATH\CodeIgniter.php(507): CodeIgniter\CodeIgniter->runController(Object(App\Controllers\EstudiantesController))
11 SYSTEMPATH\CodeIgniter.php(354): CodeIgniter\CodeIgniter->handleRequest(null, Object(Config\Cache), false)
12 SYSTEMPATH\Boot.php(363): CodeIgniter\CodeIgniter->run()
13 SYSTEMPATH\Boot.php(68): CodeIgniter\Boot::runCodeIgniter(Object(CodeIgniter\CodeIgniter))
14 FCPATH\index.php(59): CodeIgniter\Boot::bootWeb(Object(Config\Paths))
ERROR - 2025-09-14 03:44:34 --> mysqli_sql_exception: Duplicate entry '1' for key 'estudiantes.PRIMARY' in C:\wamp64\www\fs2025\ADHD03\system\Database\MySQLi\Connection.php:327
Stack trace:
#0 C:\wamp64\www\fs2025\ADHD03\system\Database\MySQLi\Connection.php(327): mysqli->query('INSERT INTO `es...', 0)
#1 C:\wamp64\www\fs2025\ADHD03\system\Database\BaseConnection.php(729): CodeIgniter\Database\MySQLi\Connection->execute('INSERT INTO `es...')
#2 C:\wamp64\www\fs2025\ADHD03\system\Database\BaseConnection.php(646): CodeIgniter\Database\BaseConnection->simpleQuery('INSERT INTO `es...')
#3 C:\wamp64\www\fs2025\ADHD03\system\Database\BaseBuilder.php(2345): CodeIgniter\Database\BaseConnection->query('INSERT INTO `es...', Array, false)
#4 C:\wamp64\www\fs2025\ADHD03\system\Model.php(394): CodeIgniter\Database\BaseBuilder->insert()
#5 C:\wamp64\www\fs2025\ADHD03\system\BaseModel.php(838): CodeIgniter\Model->doInsert(Array)
#6 C:\wamp64\www\fs2025\ADHD03\system\Model.php(797): CodeIgniter\BaseModel->insert(Array, true)
#7 C:\wamp64\www\fs2025\ADHD03\app\Controllers\EstudiantesController.php(41): CodeIgniter\Model->insert(Array)
#8 C:\wamp64\www\fs2025\ADHD03\system\CodeIgniter.php(933): App\Controllers\EstudiantesController->agregar()
#9 C:\wamp64\www\fs2025\ADHD03\system\CodeIgniter.php(507): CodeIgniter\CodeIgniter->runController(Object(App\Controllers\EstudiantesController))
#10 C:\wamp64\www\fs2025\ADHD03\system\CodeIgniter.php(354): CodeIgniter\CodeIgniter->handleRequest(NULL, Object(Config\Cache), false)
#11 C:\wamp64\www\fs2025\ADHD03\system\Boot.php(363): CodeIgniter\CodeIgniter->run()
#12 C:\wamp64\www\fs2025\ADHD03\system\Boot.php(68): CodeIgniter\Boot::runCodeIgniter(Object(CodeIgniter\CodeIgniter))
#13 C:\wamp64\www\fs2025\ADHD03\public\index.php(59): CodeIgniter\Boot::bootWeb(Object(Config\Paths))
#14 {main}
CRITICAL - 2025-09-14 03:44:34 --> CodeIgniter\Database\Exceptions\DatabaseException: Duplicate entry '1' for key 'estudiantes.PRIMARY'
[Method: POST, Route: agregarEstudiante]
in SYSTEMPATH\Database\BaseConnection.php on line 684.
 1 SYSTEMPATH\Database\BaseBuilder.php(2345): CodeIgniter\Database\BaseConnection->query('INSERT INTO `estudiantes` (`carne_alumno`, `nombre`, `apellido`, `direccion`, `telefono`, `email`, `fechanacimiento`, `codigo_grado`) VALUES (:carne_alumno:, :nombre:, :apellido:, :direccion:, :telefono:, :email:, :fechanacimiento:, :codigo_grado:)', [...], false)
 2 SYSTEMPATH\Model.php(394): CodeIgniter\Database\BaseBuilder->insert()
 3 SYSTEMPATH\BaseModel.php(838): CodeIgniter\Model->doInsert([...])
 4 SYSTEMPATH\Model.php(797): CodeIgniter\BaseModel->insert([...], true)
 5 APPPATH\Controllers\EstudiantesController.php(41): CodeIgniter\Model->insert([...])
 6 SYSTEMPATH\CodeIgniter.php(933): App\Controllers\EstudiantesController->agregar()
 7 SYSTEMPATH\CodeIgniter.php(507): CodeIgniter\CodeIgniter->runController(Object(App\Controllers\EstudiantesController))
 8 SYSTEMPATH\CodeIgniter.php(354): CodeIgniter\CodeIgniter->handleRequest(null, Object(Config\Cache), false)
 9 SYSTEMPATH\Boot.php(363): CodeIgniter\CodeIgniter->run()
10 SYSTEMPATH\Boot.php(68): CodeIgniter\Boot::runCodeIgniter(Object(CodeIgniter\CodeIgniter))
11 FCPATH\index.php(59): CodeIgniter\Boot::bootWeb(Object(Config\Paths))
CRITICAL - 2025-09-14 03:44:34 --> [Caused by] CodeIgniter\Database\Exceptions\DatabaseException: Duplicate entry '1' for key 'estudiantes.PRIMARY'
in SYSTEMPATH\Database\MySQLi\Connection.php on line 332.
 1 SYSTEMPATH\Database\BaseConnection.php(729): CodeIgniter\Database\MySQLi\Connection->execute('INSERT INTO `estudiantes` (`carne_alumno`, `nombre`, `apellido`, `direccion`, `telefono`, `email`, `fechanacimiento`, `codigo_grado`) VALUES (\'1\', \'Renzo\', \'Castillo\', \'Avenida Bolivar 30-73 Zona 8\', \'57700591\', \'renzo12castillo@gmail.com\', \'2014-06-26\', NULL)')
 2 SYSTEMPATH\Database\BaseConnection.php(646): CodeIgniter\Database\BaseConnection->simpleQuery('INSERT INTO `estudiantes` (`carne_alumno`, `nombre`, `apellido`, `direccion`, `telefono`, `email`, `fechanacimiento`, `codigo_grado`) VALUES (\'1\', \'Renzo\', \'Castillo\', \'Avenida Bolivar 30-73 Zona 8\', \'57700591\', \'renzo12castillo@gmail.com\', \'2014-06-26\', NULL)')
 3 SYSTEMPATH\Database\BaseBuilder.php(2345): CodeIgniter\Database\BaseConnection->query('INSERT INTO `estudiantes` (`carne_alumno`, `nombre`, `apellido`, `direccion`, `telefono`, `email`, `fechanacimiento`, `codigo_grado`) VALUES (:carne_alumno:, :nombre:, :apellido:, :direccion:, :telefono:, :email:, :fechanacimiento:, :codigo_grado:)', [...], false)
 4 SYSTEMPATH\Model.php(394): CodeIgniter\Database\BaseBuilder->insert()
 5 SYSTEMPATH\BaseModel.php(838): CodeIgniter\Model->doInsert([...])
 6 SYSTEMPATH\Model.php(797): CodeIgniter\BaseModel->insert([...], true)
 7 APPPATH\Controllers\EstudiantesController.php(41): CodeIgniter\Model->insert([...])
 8 SYSTEMPATH\CodeIgniter.php(933): App\Controllers\EstudiantesController->agregar()
 9 SYSTEMPATH\CodeIgniter.php(507): CodeIgniter\CodeIgniter->runController(Object(App\Controllers\EstudiantesController))
10 SYSTEMPATH\CodeIgniter.php(354): CodeIgniter\CodeIgniter->handleRequest(null, Object(Config\Cache), false)
11 SYSTEMPATH\Boot.php(363): CodeIgniter\CodeIgniter->run()
12 SYSTEMPATH\Boot.php(68): CodeIgniter\Boot::runCodeIgniter(Object(CodeIgniter\CodeIgniter))
13 FCPATH\index.php(59): CodeIgniter\Boot::bootWeb(Object(Config\Paths))
CRITICAL - 2025-09-14 03:44:34 --> [Caused by] mysqli_sql_exception: Duplicate entry '1' for key 'estudiantes.PRIMARY'
in SYSTEMPATH\Database\MySQLi\Connection.php on line 327.
 1 SYSTEMPATH\Database\MySQLi\Connection.php(327): mysqli->query('INSERT INTO `estudiantes` (`carne_alumno`, `nombre`, `apellido`, `direccion`, `telefono`, `email`, `fechanacimiento`, `codigo_grado`) VALUES (\'1\', \'Renzo\', \'Castillo\', \'Avenida Bolivar 30-73 Zona 8\', \'57700591\', \'renzo12castillo@gmail.com\', \'2014-06-26\', NULL)', 0)
 2 SYSTEMPATH\Database\BaseConnection.php(729): CodeIgniter\Database\MySQLi\Connection->execute('INSERT INTO `estudiantes` (`carne_alumno`, `nombre`, `apellido`, `direccion`, `telefono`, `email`, `fechanacimiento`, `codigo_grado`) VALUES (\'1\', \'Renzo\', \'Castillo\', \'Avenida Bolivar 30-73 Zona 8\', \'57700591\', \'renzo12castillo@gmail.com\', \'2014-06-26\', NULL)')
 3 SYSTEMPATH\Database\BaseConnection.php(646): CodeIgniter\Database\BaseConnection->simpleQuery('INSERT INTO `estudiantes` (`carne_alumno`, `nombre`, `apellido`, `direccion`, `telefono`, `email`, `fechanacimiento`, `codigo_grado`) VALUES (\'1\', \'Renzo\', \'Castillo\', \'Avenida Bolivar 30-73 Zona 8\', \'57700591\', \'renzo12castillo@gmail.com\', \'2014-06-26\', NULL)')
 4 SYSTEMPATH\Database\BaseBuilder.php(2345): CodeIgniter\Database\BaseConnection->query('INSERT INTO `estudiantes` (`carne_alumno`, `nombre`, `apellido`, `direccion`, `telefono`, `email`, `fechanacimiento`, `codigo_grado`) VALUES (:carne_alumno:, :nombre:, :apellido:, :direccion:, :telefono:, :email:, :fechanacimiento:, :codigo_grado:)', [...], false)
 5 SYSTEMPATH\Model.php(394): CodeIgniter\Database\BaseBuilder->insert()
 6 SYSTEMPATH\BaseModel.php(838): CodeIgniter\Model->doInsert([...])
 7 SYSTEMPATH\Model.php(797): CodeIgniter\BaseModel->insert([...], true)
 8 APPPATH\Controllers\EstudiantesController.php(41): CodeIgniter\Model->insert([...])
 9 SYSTEMPATH\CodeIgniter.php(933): App\Controllers\EstudiantesController->agregar()
10 SYSTEMPATH\CodeIgniter.php(507): CodeIgniter\CodeIgniter->runController(Object(App\Controllers\EstudiantesController))
11 SYSTEMPATH\CodeIgniter.php(354): CodeIgniter\CodeIgniter->handleRequest(null, Object(Config\Cache), false)
12 SYSTEMPATH\Boot.php(363): CodeIgniter\CodeIgniter->run()
13 SYSTEMPATH\Boot.php(68): CodeIgniter\Boot::runCodeIgniter(Object(CodeIgniter\CodeIgniter))
14 FCPATH\index.php(59): CodeIgniter\Boot::bootWeb(Object(Config\Paths))
CRITICAL - 2025-09-14 03:44:39 --> Error: Call to a member function getResult() on array
[Method: GET, Route: estudiantes]
in APPPATH\Views\Estudiantes.php on line 99.
 1 SYSTEMPATH\View\View.php(226): include()
 2 SYSTEMPATH\View\View.php(229): CodeIgniter\View\View->CodeIgniter\View\{closure}()
 3 SYSTEMPATH\Common.php(1167): CodeIgniter\View\View->render('estudiantes', [], true)
 4 APPPATH\Controllers\EstudiantesController.php(25): view('estudiantes', [...])
 5 SYSTEMPATH\CodeIgniter.php(933): App\Controllers\EstudiantesController->index()
 6 SYSTEMPATH\CodeIgniter.php(507): CodeIgniter\CodeIgniter->runController(Object(App\Controllers\EstudiantesController))
 7 SYSTEMPATH\CodeIgniter.php(354): CodeIgniter\CodeIgniter->handleRequest(null, Object(Config\Cache), false)
 8 SYSTEMPATH\Boot.php(363): CodeIgniter\CodeIgniter->run()
 9 SYSTEMPATH\Boot.php(68): CodeIgniter\Boot::runCodeIgniter(Object(CodeIgniter\CodeIgniter))
10 FCPATH\index.php(59): CodeIgniter\Boot::bootWeb(Object(Config\Paths))
CRITICAL - 2025-09-14 03:44:41 --> Error: Call to a member function getResult() on array
[Method: GET, Route: estudiantes]
in APPPATH\Views\Estudiantes.php on line 99.
 1 SYSTEMPATH\View\View.php(226): include()
 2 SYSTEMPATH\View\View.php(229): CodeIgniter\View\View->CodeIgniter\View\{closure}()
 3 SYSTEMPATH\Common.php(1167): CodeIgniter\View\View->render('estudiantes', [], true)
 4 APPPATH\Controllers\EstudiantesController.php(25): view('estudiantes', [...])
 5 SYSTEMPATH\CodeIgniter.php(933): App\Controllers\EstudiantesController->index()
 6 SYSTEMPATH\CodeIgniter.php(507): CodeIgniter\CodeIgniter->runController(Object(App\Controllers\EstudiantesController))
 7 SYSTEMPATH\CodeIgniter.php(354): CodeIgniter\CodeIgniter->handleRequest(null, Object(Config\Cache), false)
 8 SYSTEMPATH\Boot.php(363): CodeIgniter\CodeIgniter->run()
 9 SYSTEMPATH\Boot.php(68): CodeIgniter\Boot::runCodeIgniter(Object(CodeIgniter\CodeIgniter))
10 FCPATH\index.php(59): CodeIgniter\Boot::bootWeb(Object(Config\Paths))
CRITICAL - 2025-09-14 03:59:37 --> Error: Call to a member function getResult() on array
[Method: GET, Route: estudiantes]
in APPPATH\Views\Estudiantes.php on line 99.
 1 SYSTEMPATH\View\View.php(226): include()
 2 SYSTEMPATH\View\View.php(229): CodeIgniter\View\View->CodeIgniter\View\{closure}()
 3 SYSTEMPATH\Common.php(1167): CodeIgniter\View\View->render('estudiantes', [], true)
 4 APPPATH\Controllers\EstudiantesController.php(25): view('estudiantes', [...])
 5 SYSTEMPATH\CodeIgniter.php(933): App\Controllers\EstudiantesController->index()
 6 SYSTEMPATH\CodeIgniter.php(507): CodeIgniter\CodeIgniter->runController(Object(App\Controllers\EstudiantesController))
 7 SYSTEMPATH\CodeIgniter.php(354): CodeIgniter\CodeIgniter->handleRequest(null, Object(Config\Cache), false)
 8 SYSTEMPATH\Boot.php(363): CodeIgniter\CodeIgniter->run()
 9 SYSTEMPATH\Boot.php(68): CodeIgniter\Boot::runCodeIgniter(Object(CodeIgniter\CodeIgniter))
10 FCPATH\index.php(59): CodeIgniter\Boot::bootWeb(Object(Config\Paths))
CRITICAL - 2025-09-14 03:59:40 --> Error: Call to a member function getResult() on array
[Method: GET, Route: estudiantes]
in APPPATH\Views\Estudiantes.php on line 99.
 1 SYSTEMPATH\View\View.php(226): include()
 2 SYSTEMPATH\View\View.php(229): CodeIgniter\View\View->CodeIgniter\View\{closure}()
 3 SYSTEMPATH\Common.php(1167): CodeIgniter\View\View->render('estudiantes', [], true)
 4 APPPATH\Controllers\EstudiantesController.php(25): view('estudiantes', [...])
 5 SYSTEMPATH\CodeIgniter.php(933): App\Controllers\EstudiantesController->index()
 6 SYSTEMPATH\CodeIgniter.php(507): CodeIgniter\CodeIgniter->runController(Object(App\Controllers\EstudiantesController))
 7 SYSTEMPATH\CodeIgniter.php(354): CodeIgniter\CodeIgniter->handleRequest(null, Object(Config\Cache), false)
 8 SYSTEMPATH\Boot.php(363): CodeIgniter\CodeIgniter->run()
 9 SYSTEMPATH\Boot.php(68): CodeIgniter\Boot::runCodeIgniter(Object(CodeIgniter\CodeIgniter))
10 FCPATH\index.php(59): CodeIgniter\Boot::bootWeb(Object(Config\Paths))
CRITICAL - 2025-09-14 04:00:49 --> Error: Cannot use object of type stdClass as array
[Method: GET, Route: estudiantes]
in APPPATH\Views\Estudiantes.php on line 110.
 1 SYSTEMPATH\View\View.php(226): include()
 2 SYSTEMPATH\View\View.php(229): CodeIgniter\View\View->CodeIgniter\View\{closure}()
 3 SYSTEMPATH\Common.php(1167): CodeIgniter\View\View->render('estudiantes', [], true)
 4 APPPATH\Controllers\EstudiantesController.php(25): view('estudiantes', [...])
 5 SYSTEMPATH\CodeIgniter.php(933): App\Controllers\EstudiantesController->index()
 6 SYSTEMPATH\CodeIgniter.php(507): CodeIgniter\CodeIgniter->runController(Object(App\Controllers\EstudiantesController))
 7 SYSTEMPATH\CodeIgniter.php(354): CodeIgniter\CodeIgniter->handleRequest(null, Object(Config\Cache), false)
 8 SYSTEMPATH\Boot.php(363): CodeIgniter\CodeIgniter->run()
 9 SYSTEMPATH\Boot.php(68): CodeIgniter\Boot::runCodeIgniter(Object(CodeIgniter\CodeIgniter))
10 FCPATH\index.php(59): CodeIgniter\Boot::bootWeb(Object(Config\Paths))
ERROR - 2025-09-14 04:12:20 --> mysqli_sql_exception: Duplicate entry '1' for key 'estudiantes.PRIMARY' in C:\wamp64\www\fs2025\ADHD03\system\Database\MySQLi\Connection.php:327
Stack trace:
#0 C:\wamp64\www\fs2025\ADHD03\system\Database\MySQLi\Connection.php(327): mysqli->query('INSERT INTO `es...', 0)
#1 C:\wamp64\www\fs2025\ADHD03\system\Database\BaseConnection.php(729): CodeIgniter\Database\MySQLi\Connection->execute('INSERT INTO `es...')
#2 C:\wamp64\www\fs2025\ADHD03\system\Database\BaseConnection.php(646): CodeIgniter\Database\BaseConnection->simpleQuery('INSERT INTO `es...')
#3 C:\wamp64\www\fs2025\ADHD03\system\Database\BaseBuilder.php(2345): CodeIgniter\Database\BaseConnection->query('INSERT INTO `es...', Array, false)
#4 C:\wamp64\www\fs2025\ADHD03\system\Model.php(394): CodeIgniter\Database\BaseBuilder->insert()
#5 C:\wamp64\www\fs2025\ADHD03\system\BaseModel.php(838): CodeIgniter\Model->doInsert(Array)
#6 C:\wamp64\www\fs2025\ADHD03\system\Model.php(797): CodeIgniter\BaseModel->insert(Array, true)
#7 C:\wamp64\www\fs2025\ADHD03\app\Controllers\EstudiantesController.php(41): CodeIgniter\Model->insert(Array)
#8 C:\wamp64\www\fs2025\ADHD03\system\CodeIgniter.php(933): App\Controllers\EstudiantesController->agregar()
#9 C:\wamp64\www\fs2025\ADHD03\system\CodeIgniter.php(507): CodeIgniter\CodeIgniter->runController(Object(App\Controllers\EstudiantesController))
#10 C:\wamp64\www\fs2025\ADHD03\system\CodeIgniter.php(354): CodeIgniter\CodeIgniter->handleRequest(NULL, Object(Config\Cache), false)
#11 C:\wamp64\www\fs2025\ADHD03\system\Boot.php(363): CodeIgniter\CodeIgniter->run()
#12 C:\wamp64\www\fs2025\ADHD03\system\Boot.php(68): CodeIgniter\Boot::runCodeIgniter(Object(CodeIgniter\CodeIgniter))
#13 C:\wamp64\www\fs2025\ADHD03\public\index.php(59): CodeIgniter\Boot::bootWeb(Object(Config\Paths))
#14 {main}
CRITICAL - 2025-09-14 04:12:20 --> CodeIgniter\Database\Exceptions\DatabaseException: Duplicate entry '1' for key 'estudiantes.PRIMARY'
[Method: POST, Route: agregarEstudiante]
in SYSTEMPATH\Database\BaseConnection.php on line 684.
 1 SYSTEMPATH\Database\BaseBuilder.php(2345): CodeIgniter\Database\BaseConnection->query('INSERT INTO `estudiantes` (`carne_alumno`, `nombre`, `apellido`, `direccion`, `telefono`, `email`, `fechanacimiento`, `codigo_grado`) VALUES (:carne_alumno:, :nombre:, :apellido:, :direccion:, :telefono:, :email:, :fechanacimiento:, :codigo_grado:)', [...], false)
 2 SYSTEMPATH\Model.php(394): CodeIgniter\Database\BaseBuilder->insert()
 3 SYSTEMPATH\BaseModel.php(838): CodeIgniter\Model->doInsert([...])
 4 SYSTEMPATH\Model.php(797): CodeIgniter\BaseModel->insert([...], true)
 5 APPPATH\Controllers\EstudiantesController.php(41): CodeIgniter\Model->insert([...])
 6 SYSTEMPATH\CodeIgniter.php(933): App\Controllers\EstudiantesController->agregar()
 7 SYSTEMPATH\CodeIgniter.php(507): CodeIgniter\CodeIgniter->runController(Object(App\Controllers\EstudiantesController))
 8 SYSTEMPATH\CodeIgniter.php(354): CodeIgniter\CodeIgniter->handleRequest(null, Object(Config\Cache), false)
 9 SYSTEMPATH\Boot.php(363): CodeIgniter\CodeIgniter->run()
10 SYSTEMPATH\Boot.php(68): CodeIgniter\Boot::runCodeIgniter(Object(CodeIgniter\CodeIgniter))
11 FCPATH\index.php(59): CodeIgniter\Boot::bootWeb(Object(Config\Paths))
CRITICAL - 2025-09-14 04:12:20 --> [Caused by] CodeIgniter\Database\Exceptions\DatabaseException: Duplicate entry '1' for key 'estudiantes.PRIMARY'
in SYSTEMPATH\Database\MySQLi\Connection.php on line 332.
 1 SYSTEMPATH\Database\BaseConnection.php(729): CodeIgniter\Database\MySQLi\Connection->execute('INSERT INTO `estudiantes` (`carne_alumno`, `nombre`, `apellido`, `direccion`, `telefono`, `email`, `fechanacimiento`, `codigo_grado`) VALUES (\'1\', \'Renzo\', \'Castillo\', \'Avenida Bolivar 30-73 Zona 8\', \'57700591\', \'renzo12castillo@gmail.com\', \'2014-10-23\', NULL)')
 2 SYSTEMPATH\Database\BaseConnection.php(646): CodeIgniter\Database\BaseConnection->simpleQuery('INSERT INTO `estudiantes` (`carne_alumno`, `nombre`, `apellido`, `direccion`, `telefono`, `email`, `fechanacimiento`, `codigo_grado`) VALUES (\'1\', \'Renzo\', \'Castillo\', \'Avenida Bolivar 30-73 Zona 8\', \'57700591\', \'renzo12castillo@gmail.com\', \'2014-10-23\', NULL)')
 3 SYSTEMPATH\Database\BaseBuilder.php(2345): CodeIgniter\Database\BaseConnection->query('INSERT INTO `estudiantes` (`carne_alumno`, `nombre`, `apellido`, `direccion`, `telefono`, `email`, `fechanacimiento`, `codigo_grado`) VALUES (:carne_alumno:, :nombre:, :apellido:, :direccion:, :telefono:, :email:, :fechanacimiento:, :codigo_grado:)', [...], false)
 4 SYSTEMPATH\Model.php(394): CodeIgniter\Database\BaseBuilder->insert()
 5 SYSTEMPATH\BaseModel.php(838): CodeIgniter\Model->doInsert([...])
 6 SYSTEMPATH\Model.php(797): CodeIgniter\BaseModel->insert([...], true)
 7 APPPATH\Controllers\EstudiantesController.php(41): CodeIgniter\Model->insert([...])
 8 SYSTEMPATH\CodeIgniter.php(933): App\Controllers\EstudiantesController->agregar()
 9 SYSTEMPATH\CodeIgniter.php(507): CodeIgniter\CodeIgniter->runController(Object(App\Controllers\EstudiantesController))
10 SYSTEMPATH\CodeIgniter.php(354): CodeIgniter\CodeIgniter->handleRequest(null, Object(Config\Cache), false)
11 SYSTEMPATH\Boot.php(363): CodeIgniter\CodeIgniter->run()
12 SYSTEMPATH\Boot.php(68): CodeIgniter\Boot::runCodeIgniter(Object(CodeIgniter\CodeIgniter))
13 FCPATH\index.php(59): CodeIgniter\Boot::bootWeb(Object(Config\Paths))
CRITICAL - 2025-09-14 04:12:20 --> [Caused by] mysqli_sql_exception: Duplicate entry '1' for key 'estudiantes.PRIMARY'
in SYSTEMPATH\Database\MySQLi\Connection.php on line 327.
 1 SYSTEMPATH\Database\MySQLi\Connection.php(327): mysqli->query('INSERT INTO `estudiantes` (`carne_alumno`, `nombre`, `apellido`, `direccion`, `telefono`, `email`, `fechanacimiento`, `codigo_grado`) VALUES (\'1\', \'Renzo\', \'Castillo\', \'Avenida Bolivar 30-73 Zona 8\', \'57700591\', \'renzo12castillo@gmail.com\', \'2014-10-23\', NULL)', 0)
 2 SYSTEMPATH\Database\BaseConnection.php(729): CodeIgniter\Database\MySQLi\Connection->execute('INSERT INTO `estudiantes` (`carne_alumno`, `nombre`, `apellido`, `direccion`, `telefono`, `email`, `fechanacimiento`, `codigo_grado`) VALUES (\'1\', \'Renzo\', \'Castillo\', \'Avenida Bolivar 30-73 Zona 8\', \'57700591\', \'renzo12castillo@gmail.com\', \'2014-10-23\', NULL)')
 3 SYSTEMPATH\Database\BaseConnection.php(646): CodeIgniter\Database\BaseConnection->simpleQuery('INSERT INTO `estudiantes` (`carne_alumno`, `nombre`, `apellido`, `direccion`, `telefono`, `email`, `fechanacimiento`, `codigo_grado`) VALUES (\'1\', \'Renzo\', \'Castillo\', \'Avenida Bolivar 30-73 Zona 8\', \'57700591\', \'renzo12castillo@gmail.com\', \'2014-10-23\', NULL)')
 4 SYSTEMPATH\Database\BaseBuilder.php(2345): CodeIgniter\Database\BaseConnection->query('INSERT INTO `estudiantes` (`carne_alumno`, `nombre`, `apellido`, `direccion`, `telefono`, `email`, `fechanacimiento`, `codigo_grado`) VALUES (:carne_alumno:, :nombre:, :apellido:, :direccion:, :telefono:, :email:, :fechanacimiento:, :codigo_grado:)', [...], false)
 5 SYSTEMPATH\Model.php(394): CodeIgniter\Database\BaseBuilder->insert()
 6 SYSTEMPATH\BaseModel.php(838): CodeIgniter\Model->doInsert([...])
 7 SYSTEMPATH\Model.php(797): CodeIgniter\BaseModel->insert([...], true)
 8 APPPATH\Controllers\EstudiantesController.php(41): CodeIgniter\Model->insert([...])
 9 SYSTEMPATH\CodeIgniter.php(933): App\Controllers\EstudiantesController->agregar()
10 SYSTEMPATH\CodeIgniter.php(507): CodeIgniter\CodeIgniter->runController(Object(App\Controllers\EstudiantesController))
11 SYSTEMPATH\CodeIgniter.php(354): CodeIgniter\CodeIgniter->handleRequest(null, Object(Config\Cache), false)
12 SYSTEMPATH\Boot.php(363): CodeIgniter\CodeIgniter->run()
13 SYSTEMPATH\Boot.php(68): CodeIgniter\Boot::runCodeIgniter(Object(CodeIgniter\CodeIgniter))
14 FCPATH\index.php(59): CodeIgniter\Boot::bootWeb(Object(Config\Paths))
ERROR - 2025-09-14 04:14:29 --> mysqli_sql_exception: Duplicate entry '3' for key 'estudiantes.PRIMARY' in C:\wamp64\www\fs2025\ADHD03\system\Database\MySQLi\Connection.php:327
Stack trace:
#0 C:\wamp64\www\fs2025\ADHD03\system\Database\MySQLi\Connection.php(327): mysqli->query('INSERT INTO `es...', 0)
#1 C:\wamp64\www\fs2025\ADHD03\system\Database\BaseConnection.php(729): CodeIgniter\Database\MySQLi\Connection->execute('INSERT INTO `es...')
#2 C:\wamp64\www\fs2025\ADHD03\system\Database\BaseConnection.php(646): CodeIgniter\Database\BaseConnection->simpleQuery('INSERT INTO `es...')
#3 C:\wamp64\www\fs2025\ADHD03\system\Database\BaseBuilder.php(2345): CodeIgniter\Database\BaseConnection->query('INSERT INTO `es...', Array, false)
#4 C:\wamp64\www\fs2025\ADHD03\system\Model.php(394): CodeIgniter\Database\BaseBuilder->insert()
#5 C:\wamp64\www\fs2025\ADHD03\system\BaseModel.php(838): CodeIgniter\Model->doInsert(Array)
#6 C:\wamp64\www\fs2025\ADHD03\system\Model.php(797): CodeIgniter\BaseModel->insert(Array, true)
#7 C:\wamp64\www\fs2025\ADHD03\app\Controllers\EstudiantesController.php(41): CodeIgniter\Model->insert(Array)
#8 C:\wamp64\www\fs2025\ADHD03\system\CodeIgniter.php(933): App\Controllers\EstudiantesController->agregar()
#9 C:\wamp64\www\fs2025\ADHD03\system\CodeIgniter.php(507): CodeIgniter\CodeIgniter->runController(Object(App\Controllers\EstudiantesController))
#10 C:\wamp64\www\fs2025\ADHD03\system\CodeIgniter.php(354): CodeIgniter\CodeIgniter->handleRequest(NULL, Object(Config\Cache), false)
#11 C:\wamp64\www\fs2025\ADHD03\system\Boot.php(363): CodeIgniter\CodeIgniter->run()
#12 C:\wamp64\www\fs2025\ADHD03\system\Boot.php(68): CodeIgniter\Boot::runCodeIgniter(Object(CodeIgniter\CodeIgniter))
#13 C:\wamp64\www\fs2025\ADHD03\public\index.php(59): CodeIgniter\Boot::bootWeb(Object(Config\Paths))
#14 {main}
CRITICAL - 2025-09-14 04:14:29 --> CodeIgniter\Database\Exceptions\DatabaseException: Duplicate entry '3' for key 'estudiantes.PRIMARY'
[Method: POST, Route: agregarEstudiante]
in SYSTEMPATH\Database\BaseConnection.php on line 684.
 1 SYSTEMPATH\Database\BaseBuilder.php(2345): CodeIgniter\Database\BaseConnection->query('INSERT INTO `estudiantes` (`carne_alumno`, `nombre`, `apellido`, `direccion`, `telefono`, `email`, `fechanacimiento`, `codigo_grado`) VALUES (:carne_alumno:, :nombre:, :apellido:, :direccion:, :telefono:, :email:, :fechanacimiento:, :codigo_grado:)', [...], false)
 2 SYSTEMPATH\Model.php(394): CodeIgniter\Database\BaseBuilder->insert()
 3 SYSTEMPATH\BaseModel.php(838): CodeIgniter\Model->doInsert([...])
 4 SYSTEMPATH\Model.php(797): CodeIgniter\BaseModel->insert([...], true)
 5 APPPATH\Controllers\EstudiantesController.php(41): CodeIgniter\Model->insert([...])
 6 SYSTEMPATH\CodeIgniter.php(933): App\Controllers\EstudiantesController->agregar()
 7 SYSTEMPATH\CodeIgniter.php(507): CodeIgniter\CodeIgniter->runController(Object(App\Controllers\EstudiantesController))
 8 SYSTEMPATH\CodeIgniter.php(354): CodeIgniter\CodeIgniter->handleRequest(null, Object(Config\Cache), false)
 9 SYSTEMPATH\Boot.php(363): CodeIgniter\CodeIgniter->run()
10 SYSTEMPATH\Boot.php(68): CodeIgniter\Boot::runCodeIgniter(Object(CodeIgniter\CodeIgniter))
11 FCPATH\index.php(59): CodeIgniter\Boot::bootWeb(Object(Config\Paths))
CRITICAL - 2025-09-14 04:14:29 --> [Caused by] CodeIgniter\Database\Exceptions\DatabaseException: Duplicate entry '3' for key 'estudiantes.PRIMARY'
in SYSTEMPATH\Database\MySQLi\Connection.php on line 332.
 1 SYSTEMPATH\Database\BaseConnection.php(729): CodeIgniter\Database\MySQLi\Connection->execute('INSERT INTO `estudiantes` (`carne_alumno`, `nombre`, `apellido`, `direccion`, `telefono`, `email`, `fechanacimiento`, `codigo_grado`) VALUES (\'3\', \'Maria\', \'Juana\', \'PRueba\', \'54867864\', \'prueba@email.com\', \'2005-02-05\', NULL)')
 2 SYSTEMPATH\Database\BaseConnection.php(646): CodeIgniter\Database\BaseConnection->simpleQuery('INSERT INTO `estudiantes` (`carne_alumno`, `nombre`, `apellido`, `direccion`, `telefono`, `email`, `fechanacimiento`, `codigo_grado`) VALUES (\'3\', \'Maria\', \'Juana\', \'PRueba\', \'54867864\', \'prueba@email.com\', \'2005-02-05\', NULL)')
 3 SYSTEMPATH\Database\BaseBuilder.php(2345): CodeIgniter\Database\BaseConnection->query('INSERT INTO `estudiantes` (`carne_alumno`, `nombre`, `apellido`, `direccion`, `telefono`, `email`, `fechanacimiento`, `codigo_grado`) VALUES (:carne_alumno:, :nombre:, :apellido:, :direccion:, :telefono:, :email:, :fechanacimiento:, :codigo_grado:)', [...], false)
 4 SYSTEMPATH\Model.php(394): CodeIgniter\Database\BaseBuilder->insert()
 5 SYSTEMPATH\BaseModel.php(838): CodeIgniter\Model->doInsert([...])
 6 SYSTEMPATH\Model.php(797): CodeIgniter\BaseModel->insert([...], true)
 7 APPPATH\Controllers\EstudiantesController.php(41): CodeIgniter\Model->insert([...])
 8 SYSTEMPATH\CodeIgniter.php(933): App\Controllers\EstudiantesController->agregar()
 9 SYSTEMPATH\CodeIgniter.php(507): CodeIgniter\CodeIgniter->runController(Object(App\Controllers\EstudiantesController))
10 SYSTEMPATH\CodeIgniter.php(354): CodeIgniter\CodeIgniter->handleRequest(null, Object(Config\Cache), false)
11 SYSTEMPATH\Boot.php(363): CodeIgniter\CodeIgniter->run()
12 SYSTEMPATH\Boot.php(68): CodeIgniter\Boot::runCodeIgniter(Object(CodeIgniter\CodeIgniter))
13 FCPATH\index.php(59): CodeIgniter\Boot::bootWeb(Object(Config\Paths))
CRITICAL - 2025-09-14 04:14:29 --> [Caused by] mysqli_sql_exception: Duplicate entry '3' for key 'estudiantes.PRIMARY'
in SYSTEMPATH\Database\MySQLi\Connection.php on line 327.
 1 SYSTEMPATH\Database\MySQLi\Connection.php(327): mysqli->query('INSERT INTO `estudiantes` (`carne_alumno`, `nombre`, `apellido`, `direccion`, `telefono`, `email`, `fechanacimiento`, `codigo_grado`) VALUES (\'3\', \'Maria\', \'Juana\', \'PRueba\', \'54867864\', \'prueba@email.com\', \'2005-02-05\', NULL)', 0)
 2 SYSTEMPATH\Database\BaseConnection.php(729): CodeIgniter\Database\MySQLi\Connection->execute('INSERT INTO `estudiantes` (`carne_alumno`, `nombre`, `apellido`, `direccion`, `telefono`, `email`, `fechanacimiento`, `codigo_grado`) VALUES (\'3\', \'Maria\', \'Juana\', \'PRueba\', \'54867864\', \'prueba@email.com\', \'2005-02-05\', NULL)')
 3 SYSTEMPATH\Database\BaseConnection.php(646): CodeIgniter\Database\BaseConnection->simpleQuery('INSERT INTO `estudiantes` (`carne_alumno`, `nombre`, `apellido`, `direccion`, `telefono`, `email`, `fechanacimiento`, `codigo_grado`) VALUES (\'3\', \'Maria\', \'Juana\', \'PRueba\', \'54867864\', \'prueba@email.com\', \'2005-02-05\', NULL)')
 4 SYSTEMPATH\Database\BaseBuilder.php(2345): CodeIgniter\Database\BaseConnection->query('INSERT INTO `estudiantes` (`carne_alumno`, `nombre`, `apellido`, `direccion`, `telefono`, `email`, `fechanacimiento`, `codigo_grado`) VALUES (:carne_alumno:, :nombre:, :apellido:, :direccion:, :telefono:, :email:, :fechanacimiento:, :codigo_grado:)', [...], false)
 5 SYSTEMPATH\Model.php(394): CodeIgniter\Database\BaseBuilder->insert()
 6 SYSTEMPATH\BaseModel.php(838): CodeIgniter\Model->doInsert([...])
 7 SYSTEMPATH\Model.php(797): CodeIgniter\BaseModel->insert([...], true)
 8 APPPATH\Controllers\EstudiantesController.php(41): CodeIgniter\Model->insert([...])
 9 SYSTEMPATH\CodeIgniter.php(933): App\Controllers\EstudiantesController->agregar()
10 SYSTEMPATH\CodeIgniter.php(507): CodeIgniter\CodeIgniter->runController(Object(App\Controllers\EstudiantesController))
11 SYSTEMPATH\CodeIgniter.php(354): CodeIgniter\CodeIgniter->handleRequest(null, Object(Config\Cache), false)
12 SYSTEMPATH\Boot.php(363): CodeIgniter\CodeIgniter->run()
13 SYSTEMPATH\Boot.php(68): CodeIgniter\Boot::runCodeIgniter(Object(CodeIgniter\CodeIgniter))
14 FCPATH\index.php(59): CodeIgniter\Boot::bootWeb(Object(Config\Paths))
ERROR - 2025-09-14 04:15:28 --> mysqli_sql_exception: Duplicate entry '4' for key 'estudiantes.PRIMARY' in C:\wamp64\www\fs2025\ADHD03\system\Database\MySQLi\Connection.php:327
Stack trace:
#0 C:\wamp64\www\fs2025\ADHD03\system\Database\MySQLi\Connection.php(327): mysqli->query('INSERT INTO `es...', 0)
#1 C:\wamp64\www\fs2025\ADHD03\system\Database\BaseConnection.php(729): CodeIgniter\Database\MySQLi\Connection->execute('INSERT INTO `es...')
#2 C:\wamp64\www\fs2025\ADHD03\system\Database\BaseConnection.php(646): CodeIgniter\Database\BaseConnection->simpleQuery('INSERT INTO `es...')
#3 C:\wamp64\www\fs2025\ADHD03\system\Database\BaseBuilder.php(2345): CodeIgniter\Database\BaseConnection->query('INSERT INTO `es...', Array, false)
#4 C:\wamp64\www\fs2025\ADHD03\system\Model.php(394): CodeIgniter\Database\BaseBuilder->insert()
#5 C:\wamp64\www\fs2025\ADHD03\system\BaseModel.php(838): CodeIgniter\Model->doInsert(Array)
#6 C:\wamp64\www\fs2025\ADHD03\system\Model.php(797): CodeIgniter\BaseModel->insert(Array, true)
#7 C:\wamp64\www\fs2025\ADHD03\app\Controllers\EstudiantesController.php(41): CodeIgniter\Model->insert(Array)
#8 C:\wamp64\www\fs2025\ADHD03\system\CodeIgniter.php(933): App\Controllers\EstudiantesController->agregar()
#9 C:\wamp64\www\fs2025\ADHD03\system\CodeIgniter.php(507): CodeIgniter\CodeIgniter->runController(Object(App\Controllers\EstudiantesController))
#10 C:\wamp64\www\fs2025\ADHD03\system\CodeIgniter.php(354): CodeIgniter\CodeIgniter->handleRequest(NULL, Object(Config\Cache), false)
#11 C:\wamp64\www\fs2025\ADHD03\system\Boot.php(363): CodeIgniter\CodeIgniter->run()
#12 C:\wamp64\www\fs2025\ADHD03\system\Boot.php(68): CodeIgniter\Boot::runCodeIgniter(Object(CodeIgniter\CodeIgniter))
#13 C:\wamp64\www\fs2025\ADHD03\public\index.php(59): CodeIgniter\Boot::bootWeb(Object(Config\Paths))
#14 {main}
CRITICAL - 2025-09-14 04:15:28 --> CodeIgniter\Database\Exceptions\DatabaseException: Duplicate entry '4' for key 'estudiantes.PRIMARY'
[Method: POST, Route: agregarEstudiante]
in SYSTEMPATH\Database\BaseConnection.php on line 684.
 1 SYSTEMPATH\Database\BaseBuilder.php(2345): CodeIgniter\Database\BaseConnection->query('INSERT INTO `estudiantes` (`carne_alumno`, `nombre`, `apellido`, `direccion`, `telefono`, `email`, `fechanacimiento`, `codigo_grado`) VALUES (:carne_alumno:, :nombre:, :apellido:, :direccion:, :telefono:, :email:, :fechanacimiento:, :codigo_grado:)', [...], false)
 2 SYSTEMPATH\Model.php(394): CodeIgniter\Database\BaseBuilder->insert()
 3 SYSTEMPATH\BaseModel.php(838): CodeIgniter\Model->doInsert([...])
 4 SYSTEMPATH\Model.php(797): CodeIgniter\BaseModel->insert([...], true)
 5 APPPATH\Controllers\EstudiantesController.php(41): CodeIgniter\Model->insert([...])
 6 SYSTEMPATH\CodeIgniter.php(933): App\Controllers\EstudiantesController->agregar()
 7 SYSTEMPATH\CodeIgniter.php(507): CodeIgniter\CodeIgniter->runController(Object(App\Controllers\EstudiantesController))
 8 SYSTEMPATH\CodeIgniter.php(354): CodeIgniter\CodeIgniter->handleRequest(null, Object(Config\Cache), false)
 9 SYSTEMPATH\Boot.php(363): CodeIgniter\CodeIgniter->run()
10 SYSTEMPATH\Boot.php(68): CodeIgniter\Boot::runCodeIgniter(Object(CodeIgniter\CodeIgniter))
11 FCPATH\index.php(59): CodeIgniter\Boot::bootWeb(Object(Config\Paths))
CRITICAL - 2025-09-14 04:15:28 --> [Caused by] CodeIgniter\Database\Exceptions\DatabaseException: Duplicate entry '4' for key 'estudiantes.PRIMARY'
in SYSTEMPATH\Database\MySQLi\Connection.php on line 332.
 1 SYSTEMPATH\Database\BaseConnection.php(729): CodeIgniter\Database\MySQLi\Connection->execute('INSERT INTO `estudiantes` (`carne_alumno`, `nombre`, `apellido`, `direccion`, `telefono`, `email`, `fechanacimiento`, `codigo_grado`) VALUES (\'4\', \'Renzo\', \'Castillo\', \'Avenida Bolivar 30-73 Zona 8\', \'57700591\', \'renzo12castillo@gmail.com\', \'2000-02-08\', NULL)')
 2 SYSTEMPATH\Database\BaseConnection.php(646): CodeIgniter\Database\BaseConnection->simpleQuery('INSERT INTO `estudiantes` (`carne_alumno`, `nombre`, `apellido`, `direccion`, `telefono`, `email`, `fechanacimiento`, `codigo_grado`) VALUES (\'4\', \'Renzo\', \'Castillo\', \'Avenida Bolivar 30-73 Zona 8\', \'57700591\', \'renzo12castillo@gmail.com\', \'2000-02-08\', NULL)')
 3 SYSTEMPATH\Database\BaseBuilder.php(2345): CodeIgniter\Database\BaseConnection->query('INSERT INTO `estudiantes` (`carne_alumno`, `nombre`, `apellido`, `direccion`, `telefono`, `email`, `fechanacimiento`, `codigo_grado`) VALUES (:carne_alumno:, :nombre:, :apellido:, :direccion:, :telefono:, :email:, :fechanacimiento:, :codigo_grado:)', [...], false)
 4 SYSTEMPATH\Model.php(394): CodeIgniter\Database\BaseBuilder->insert()
 5 SYSTEMPATH\BaseModel.php(838): CodeIgniter\Model->doInsert([...])
 6 SYSTEMPATH\Model.php(797): CodeIgniter\BaseModel->insert([...], true)
 7 APPPATH\Controllers\EstudiantesController.php(41): CodeIgniter\Model->insert([...])
 8 SYSTEMPATH\CodeIgniter.php(933): App\Controllers\EstudiantesController->agregar()
 9 SYSTEMPATH\CodeIgniter.php(507): CodeIgniter\CodeIgniter->runController(Object(App\Controllers\EstudiantesController))
10 SYSTEMPATH\CodeIgniter.php(354): CodeIgniter\CodeIgniter->handleRequest(null, Object(Config\Cache), false)
11 SYSTEMPATH\Boot.php(363): CodeIgniter\CodeIgniter->run()
12 SYSTEMPATH\Boot.php(68): CodeIgniter\Boot::runCodeIgniter(Object(CodeIgniter\CodeIgniter))
13 FCPATH\index.php(59): CodeIgniter\Boot::bootWeb(Object(Config\Paths))
CRITICAL - 2025-09-14 04:15:28 --> [Caused by] mysqli_sql_exception: Duplicate entry '4' for key 'estudiantes.PRIMARY'
in SYSTEMPATH\Database\MySQLi\Connection.php on line 327.
 1 SYSTEMPATH\Database\MySQLi\Connection.php(327): mysqli->query('INSERT INTO `estudiantes` (`carne_alumno`, `nombre`, `apellido`, `direccion`, `telefono`, `email`, `fechanacimiento`, `codigo_grado`) VALUES (\'4\', \'Renzo\', \'Castillo\', \'Avenida Bolivar 30-73 Zona 8\', \'57700591\', \'renzo12castillo@gmail.com\', \'2000-02-08\', NULL)', 0)
 2 SYSTEMPATH\Database\BaseConnection.php(729): CodeIgniter\Database\MySQLi\Connection->execute('INSERT INTO `estudiantes` (`carne_alumno`, `nombre`, `apellido`, `direccion`, `telefono`, `email`, `fechanacimiento`, `codigo_grado`) VALUES (\'4\', \'Renzo\', \'Castillo\', \'Avenida Bolivar 30-73 Zona 8\', \'57700591\', \'renzo12castillo@gmail.com\', \'2000-02-08\', NULL)')
 3 SYSTEMPATH\Database\BaseConnection.php(646): CodeIgniter\Database\BaseConnection->simpleQuery('INSERT INTO `estudiantes` (`carne_alumno`, `nombre`, `apellido`, `direccion`, `telefono`, `email`, `fechanacimiento`, `codigo_grado`) VALUES (\'4\', \'Renzo\', \'Castillo\', \'Avenida Bolivar 30-73 Zona 8\', \'57700591\', \'renzo12castillo@gmail.com\', \'2000-02-08\', NULL)')
 4 SYSTEMPATH\Database\BaseBuilder.php(2345): CodeIgniter\Database\BaseConnection->query('INSERT INTO `estudiantes` (`carne_alumno`, `nombre`, `apellido`, `direccion`, `telefono`, `email`, `fechanacimiento`, `codigo_grado`) VALUES (:carne_alumno:, :nombre:, :apellido:, :direccion:, :telefono:, :email:, :fechanacimiento:, :codigo_grado:)', [...], false)
 5 SYSTEMPATH\Model.php(394): CodeIgniter\Database\BaseBuilder->insert()
 6 SYSTEMPATH\BaseModel.php(838): CodeIgniter\Model->doInsert([...])
 7 SYSTEMPATH\Model.php(797): CodeIgniter\BaseModel->insert([...], true)
 8 APPPATH\Controllers\EstudiantesController.php(41): CodeIgniter\Model->insert([...])
 9 SYSTEMPATH\CodeIgniter.php(933): App\Controllers\EstudiantesController->agregar()
10 SYSTEMPATH\CodeIgniter.php(507): CodeIgniter\CodeIgniter->runController(Object(App\Controllers\EstudiantesController))
11 SYSTEMPATH\CodeIgniter.php(354): CodeIgniter\CodeIgniter->handleRequest(null, Object(Config\Cache), false)
12 SYSTEMPATH\Boot.php(363): CodeIgniter\CodeIgniter->run()
13 SYSTEMPATH\Boot.php(68): CodeIgniter\Boot::runCodeIgniter(Object(CodeIgniter\CodeIgniter))
14 FCPATH\index.php(59): CodeIgniter\Boot::bootWeb(Object(Config\Paths))
ERROR - 2025-09-14 04:24:08 --> mysqli_sql_exception: Duplicate entry '6' for key 'estudiantes.PRIMARY' in C:\wamp64\www\fs2025\ADHD03\system\Database\MySQLi\Connection.php:327
Stack trace:
#0 C:\wamp64\www\fs2025\ADHD03\system\Database\MySQLi\Connection.php(327): mysqli->query('INSERT INTO `es...', 0)
#1 C:\wamp64\www\fs2025\ADHD03\system\Database\BaseConnection.php(729): CodeIgniter\Database\MySQLi\Connection->execute('INSERT INTO `es...')
#2 C:\wamp64\www\fs2025\ADHD03\system\Database\BaseConnection.php(646): CodeIgniter\Database\BaseConnection->simpleQuery('INSERT INTO `es...')
#3 C:\wamp64\www\fs2025\ADHD03\system\Database\BaseBuilder.php(2345): CodeIgniter\Database\BaseConnection->query('INSERT INTO `es...', Array, false)
#4 C:\wamp64\www\fs2025\ADHD03\system\Model.php(394): CodeIgniter\Database\BaseBuilder->insert()
#5 C:\wamp64\www\fs2025\ADHD03\system\BaseModel.php(838): CodeIgniter\Model->doInsert(Array)
#6 C:\wamp64\www\fs2025\ADHD03\system\Model.php(797): CodeIgniter\BaseModel->insert(Array, true)
#7 C:\wamp64\www\fs2025\ADHD03\app\Controllers\EstudiantesController.php(41): CodeIgniter\Model->insert(Array)
#8 C:\wamp64\www\fs2025\ADHD03\system\CodeIgniter.php(933): App\Controllers\EstudiantesController->agregar()
#9 C:\wamp64\www\fs2025\ADHD03\system\CodeIgniter.php(507): CodeIgniter\CodeIgniter->runController(Object(App\Controllers\EstudiantesController))
#10 C:\wamp64\www\fs2025\ADHD03\system\CodeIgniter.php(354): CodeIgniter\CodeIgniter->handleRequest(NULL, Object(Config\Cache), false)
#11 C:\wamp64\www\fs2025\ADHD03\system\Boot.php(363): CodeIgniter\CodeIgniter->run()
#12 C:\wamp64\www\fs2025\ADHD03\system\Boot.php(68): CodeIgniter\Boot::runCodeIgniter(Object(CodeIgniter\CodeIgniter))
#13 C:\wamp64\www\fs2025\ADHD03\public\index.php(59): CodeIgniter\Boot::bootWeb(Object(Config\Paths))
#14 {main}
CRITICAL - 2025-09-14 04:24:08 --> CodeIgniter\Database\Exceptions\DatabaseException: Duplicate entry '6' for key 'estudiantes.PRIMARY'
[Method: POST, Route: agregarEstudiante]
in SYSTEMPATH\Database\BaseConnection.php on line 684.
 1 SYSTEMPATH\Database\BaseBuilder.php(2345): CodeIgniter\Database\BaseConnection->query('INSERT INTO `estudiantes` (`carne_alumno`, `nombre`, `apellido`, `direccion`, `telefono`, `email`, `fechanacimiento`, `codigo_grado`) VALUES (:carne_alumno:, :nombre:, :apellido:, :direccion:, :telefono:, :email:, :fechanacimiento:, :codigo_grado:)', [...], false)
 2 SYSTEMPATH\Model.php(394): CodeIgniter\Database\BaseBuilder->insert()
 3 SYSTEMPATH\BaseModel.php(838): CodeIgniter\Model->doInsert([...])
 4 SYSTEMPATH\Model.php(797): CodeIgniter\BaseModel->insert([...], true)
 5 APPPATH\Controllers\EstudiantesController.php(41): CodeIgniter\Model->insert([...])
 6 SYSTEMPATH\CodeIgniter.php(933): App\Controllers\EstudiantesController->agregar()
 7 SYSTEMPATH\CodeIgniter.php(507): CodeIgniter\CodeIgniter->runController(Object(App\Controllers\EstudiantesController))
 8 SYSTEMPATH\CodeIgniter.php(354): CodeIgniter\CodeIgniter->handleRequest(null, Object(Config\Cache), false)
 9 SYSTEMPATH\Boot.php(363): CodeIgniter\CodeIgniter->run()
10 SYSTEMPATH\Boot.php(68): CodeIgniter\Boot::runCodeIgniter(Object(CodeIgniter\CodeIgniter))
11 FCPATH\index.php(59): CodeIgniter\Boot::bootWeb(Object(Config\Paths))
CRITICAL - 2025-09-14 04:24:08 --> [Caused by] CodeIgniter\Database\Exceptions\DatabaseException: Duplicate entry '6' for key 'estudiantes.PRIMARY'
in SYSTEMPATH\Database\MySQLi\Connection.php on line 332.
 1 SYSTEMPATH\Database\BaseConnection.php(729): CodeIgniter\Database\MySQLi\Connection->execute('INSERT INTO `estudiantes` (`carne_alumno`, `nombre`, `apellido`, `direccion`, `telefono`, `email`, `fechanacimiento`, `codigo_grado`) VALUES (\'6\', \'Renzo\', \'Castillo\', \'Avenida Bolivar 30-73 Zona 8\', \'588999631\', \'renzo12castillo@gmail.com\', \'1998-12-07\', \'12\')')
 2 SYSTEMPATH\Database\BaseConnection.php(646): CodeIgniter\Database\BaseConnection->simpleQuery('INSERT INTO `estudiantes` (`carne_alumno`, `nombre`, `apellido`, `direccion`, `telefono`, `email`, `fechanacimiento`, `codigo_grado`) VALUES (\'6\', \'Renzo\', \'Castillo\', \'Avenida Bolivar 30-73 Zona 8\', \'588999631\', \'renzo12castillo@gmail.com\', \'1998-12-07\', \'12\')')
 3 SYSTEMPATH\Database\BaseBuilder.php(2345): CodeIgniter\Database\BaseConnection->query('INSERT INTO `estudiantes` (`carne_alumno`, `nombre`, `apellido`, `direccion`, `telefono`, `email`, `fechanacimiento`, `codigo_grado`) VALUES (:carne_alumno:, :nombre:, :apellido:, :direccion:, :telefono:, :email:, :fechanacimiento:, :codigo_grado:)', [...], false)
 4 SYSTEMPATH\Model.php(394): CodeIgniter\Database\BaseBuilder->insert()
 5 SYSTEMPATH\BaseModel.php(838): CodeIgniter\Model->doInsert([...])
 6 SYSTEMPATH\Model.php(797): CodeIgniter\BaseModel->insert([...], true)
 7 APPPATH\Controllers\EstudiantesController.php(41): CodeIgniter\Model->insert([...])
 8 SYSTEMPATH\CodeIgniter.php(933): App\Controllers\EstudiantesController->agregar()
 9 SYSTEMPATH\CodeIgniter.php(507): CodeIgniter\CodeIgniter->runController(Object(App\Controllers\EstudiantesController))
10 SYSTEMPATH\CodeIgniter.php(354): CodeIgniter\CodeIgniter->handleRequest(null, Object(Config\Cache), false)
11 SYSTEMPATH\Boot.php(363): CodeIgniter\CodeIgniter->run()
12 SYSTEMPATH\Boot.php(68): CodeIgniter\Boot::runCodeIgniter(Object(CodeIgniter\CodeIgniter))
13 FCPATH\index.php(59): CodeIgniter\Boot::bootWeb(Object(Config\Paths))
CRITICAL - 2025-09-14 04:24:08 --> [Caused by] mysqli_sql_exception: Duplicate entry '6' for key 'estudiantes.PRIMARY'
in SYSTEMPATH\Database\MySQLi\Connection.php on line 327.
 1 SYSTEMPATH\Database\MySQLi\Connection.php(327): mysqli->query('INSERT INTO `estudiantes` (`carne_alumno`, `nombre`, `apellido`, `direccion`, `telefono`, `email`, `fechanacimiento`, `codigo_grado`) VALUES (\'6\', \'Renzo\', \'Castillo\', \'Avenida Bolivar 30-73 Zona 8\', \'588999631\', \'renzo12castillo@gmail.com\', \'1998-12-07\', \'12\')', 0)
 2 SYSTEMPATH\Database\BaseConnection.php(729): CodeIgniter\Database\MySQLi\Connection->execute('INSERT INTO `estudiantes` (`carne_alumno`, `nombre`, `apellido`, `direccion`, `telefono`, `email`, `fechanacimiento`, `codigo_grado`) VALUES (\'6\', \'Renzo\', \'Castillo\', \'Avenida Bolivar 30-73 Zona 8\', \'588999631\', \'renzo12castillo@gmail.com\', \'1998-12-07\', \'12\')')
 3 SYSTEMPATH\Database\BaseConnection.php(646): CodeIgniter\Database\BaseConnection->simpleQuery('INSERT INTO `estudiantes` (`carne_alumno`, `nombre`, `apellido`, `direccion`, `telefono`, `email`, `fechanacimiento`, `codigo_grado`) VALUES (\'6\', \'Renzo\', \'Castillo\', \'Avenida Bolivar 30-73 Zona 8\', \'588999631\', \'renzo12castillo@gmail.com\', \'1998-12-07\', \'12\')')
 4 SYSTEMPATH\Database\BaseBuilder.php(2345): CodeIgniter\Database\BaseConnection->query('INSERT INTO `estudiantes` (`carne_alumno`, `nombre`, `apellido`, `direccion`, `telefono`, `email`, `fechanacimiento`, `codigo_grado`) VALUES (:carne_alumno:, :nombre:, :apellido:, :direccion:, :telefono:, :email:, :fechanacimiento:, :codigo_grado:)', [...], false)
 5 SYSTEMPATH\Model.php(394): CodeIgniter\Database\BaseBuilder->insert()
 6 SYSTEMPATH\BaseModel.php(838): CodeIgniter\Model->doInsert([...])
 7 SYSTEMPATH\Model.php(797): CodeIgniter\BaseModel->insert([...], true)
 8 APPPATH\Controllers\EstudiantesController.php(41): CodeIgniter\Model->insert([...])
 9 SYSTEMPATH\CodeIgniter.php(933): App\Controllers\EstudiantesController->agregar()
10 SYSTEMPATH\CodeIgniter.php(507): CodeIgniter\CodeIgniter->runController(Object(App\Controllers\EstudiantesController))
11 SYSTEMPATH\CodeIgniter.php(354): CodeIgniter\CodeIgniter->handleRequest(null, Object(Config\Cache), false)
12 SYSTEMPATH\Boot.php(363): CodeIgniter\CodeIgniter->run()
13 SYSTEMPATH\Boot.php(68): CodeIgniter\Boot::runCodeIgniter(Object(CodeIgniter\CodeIgniter))
14 FCPATH\index.php(59): CodeIgniter\Boot::bootWeb(Object(Config\Paths))
