ERROR - 2025-09-19 00:02:13 --> mysqli_sql_exception: Duplicate entry '1' for key 'prestamos.PRIMARY' in C:\wamp64\www\fs2025\ADHD03\system\Database\MySQLi\Connection.php:327
Stack trace:
#0 C:\wamp64\www\fs2025\ADHD03\system\Database\MySQLi\Connection.php(327): mysqli->query('INSERT INTO `pr...', 0)
#1 C:\wamp64\www\fs2025\ADHD03\system\Database\BaseConnection.php(729): CodeIgniter\Database\MySQLi\Connection->execute('INSERT INTO `pr...')
#2 C:\wamp64\www\fs2025\ADHD03\system\Database\BaseConnection.php(646): CodeIgniter\Database\BaseConnection->simpleQuery('INSERT INTO `pr...')
#3 C:\wamp64\www\fs2025\ADHD03\system\Database\BaseBuilder.php(2345): CodeIgniter\Database\BaseConnection->query('INSERT INTO `pr...', Array, false)
#4 C:\wamp64\www\fs2025\ADHD03\system\Model.php(394): CodeIgniter\Database\BaseBuilder->insert()
#5 C:\wamp64\www\fs2025\ADHD03\system\BaseModel.php(838): CodeIgniter\Model->doInsert(Array)
#6 C:\wamp64\www\fs2025\ADHD03\system\Model.php(797): CodeIgniter\BaseModel->insert(Array, true)
#7 C:\wamp64\www\fs2025\ADHD03\app\Controllers\PrestamosController.php(39): CodeIgniter\Model->insert(Array)
#8 C:\wamp64\www\fs2025\ADHD03\system\CodeIgniter.php(933): App\Controllers\PrestamosController->agregarPrestamo()
#9 C:\wamp64\www\fs2025\ADHD03\system\CodeIgniter.php(507): CodeIgniter\CodeIgniter->runController(Object(App\Controllers\PrestamosController))
#10 C:\wamp64\www\fs2025\ADHD03\system\CodeIgniter.php(354): CodeIgniter\CodeIgniter->handleRequest(NULL, Object(Config\Cache), false)
#11 C:\wamp64\www\fs2025\ADHD03\system\Boot.php(363): CodeIgniter\CodeIgniter->run()
#12 C:\wamp64\www\fs2025\ADHD03\system\Boot.php(68): CodeIgniter\Boot::runCodeIgniter(Object(CodeIgniter\CodeIgniter))
#13 C:\wamp64\www\fs2025\ADHD03\public\index.php(59): CodeIgniter\Boot::bootWeb(Object(Config\Paths))
#14 {main}
CRITICAL - 2025-09-19 00:02:13 --> CodeIgniter\Database\Exceptions\DatabaseException: Duplicate entry '1' for key 'prestamos.PRIMARY'
[Method: POST, Route: agregarPrestamo]
in SYSTEMPATH\Database\BaseConnection.php on line 684.
 1 SYSTEMPATH\Database\BaseBuilder.php(2345): CodeIgniter\Database\BaseConnection->query('INSERT INTO `prestamos` (`numero_prestamo`, `codigo_libro`, `carne_alumno`, `fecha_prestamo`, `fecha_devolucion`, `codigo_empleado`) VALUES (:numero_prestamo:, :codigo_libro:, :carne_alumno:, :fecha_prestamo:, :fecha_devolucion:, :codigo_empleado:)', [...], false)
 2 SYSTEMPATH\Model.php(394): CodeIgniter\Database\BaseBuilder->insert()
 3 SYSTEMPATH\BaseModel.php(838): CodeIgniter\Model->doInsert([...])
 4 SYSTEMPATH\Model.php(797): CodeIgniter\BaseModel->insert([...], true)
 5 APPPATH\Controllers\PrestamosController.php(39): CodeIgniter\Model->insert([...])
 6 SYSTEMPATH\CodeIgniter.php(933): App\Controllers\PrestamosController->agregarPrestamo()
 7 SYSTEMPATH\CodeIgniter.php(507): CodeIgniter\CodeIgniter->runController(Object(App\Controllers\PrestamosController))
 8 SYSTEMPATH\CodeIgniter.php(354): CodeIgniter\CodeIgniter->handleRequest(null, Object(Config\Cache), false)
 9 SYSTEMPATH\Boot.php(363): CodeIgniter\CodeIgniter->run()
10 SYSTEMPATH\Boot.php(68): CodeIgniter\Boot::runCodeIgniter(Object(CodeIgniter\CodeIgniter))
11 FCPATH\index.php(59): CodeIgniter\Boot::bootWeb(Object(Config\Paths))
CRITICAL - 2025-09-19 00:02:13 --> [Caused by] CodeIgniter\Database\Exceptions\DatabaseException: Duplicate entry '1' for key 'prestamos.PRIMARY'
in SYSTEMPATH\Database\MySQLi\Connection.php on line 332.
 1 SYSTEMPATH\Database\BaseConnection.php(729): CodeIgniter\Database\MySQLi\Connection->execute('INSERT INTO `prestamos` (`numero_prestamo`, `codigo_libro`, `carne_alumno`, `fecha_prestamo`, `fecha_devolucion`, `codigo_empleado`) VALUES (\'1\', \'100002\', \'2013002\', \'2025-09-11\', \'2025-09-26\', \'1005\')')
 2 SYSTEMPATH\Database\BaseConnection.php(646): CodeIgniter\Database\BaseConnection->simpleQuery('INSERT INTO `prestamos` (`numero_prestamo`, `codigo_libro`, `carne_alumno`, `fecha_prestamo`, `fecha_devolucion`, `codigo_empleado`) VALUES (\'1\', \'100002\', \'2013002\', \'2025-09-11\', \'2025-09-26\', \'1005\')')
 3 SYSTEMPATH\Database\BaseBuilder.php(2345): CodeIgniter\Database\BaseConnection->query('INSERT INTO `prestamos` (`numero_prestamo`, `codigo_libro`, `carne_alumno`, `fecha_prestamo`, `fecha_devolucion`, `codigo_empleado`) VALUES (:numero_prestamo:, :codigo_libro:, :carne_alumno:, :fecha_prestamo:, :fecha_devolucion:, :codigo_empleado:)', [...], false)
 4 SYSTEMPATH\Model.php(394): CodeIgniter\Database\BaseBuilder->insert()
 5 SYSTEMPATH\BaseModel.php(838): CodeIgniter\Model->doInsert([...])
 6 SYSTEMPATH\Model.php(797): CodeIgniter\BaseModel->insert([...], true)
 7 APPPATH\Controllers\PrestamosController.php(39): CodeIgniter\Model->insert([...])
 8 SYSTEMPATH\CodeIgniter.php(933): App\Controllers\PrestamosController->agregarPrestamo()
 9 SYSTEMPATH\CodeIgniter.php(507): CodeIgniter\CodeIgniter->runController(Object(App\Controllers\PrestamosController))
10 SYSTEMPATH\CodeIgniter.php(354): CodeIgniter\CodeIgniter->handleRequest(null, Object(Config\Cache), false)
11 SYSTEMPATH\Boot.php(363): CodeIgniter\CodeIgniter->run()
12 SYSTEMPATH\Boot.php(68): CodeIgniter\Boot::runCodeIgniter(Object(CodeIgniter\CodeIgniter))
13 FCPATH\index.php(59): CodeIgniter\Boot::bootWeb(Object(Config\Paths))
CRITICAL - 2025-09-19 00:02:13 --> [Caused by] mysqli_sql_exception: Duplicate entry '1' for key 'prestamos.PRIMARY'
in SYSTEMPATH\Database\MySQLi\Connection.php on line 327.
 1 SYSTEMPATH\Database\MySQLi\Connection.php(327): mysqli->query('INSERT INTO `prestamos` (`numero_prestamo`, `codigo_libro`, `carne_alumno`, `fecha_prestamo`, `fecha_devolucion`, `codigo_empleado`) VALUES (\'1\', \'100002\', \'2013002\', \'2025-09-11\', \'2025-09-26\', \'1005\')', 0)
 2 SYSTEMPATH\Database\BaseConnection.php(729): CodeIgniter\Database\MySQLi\Connection->execute('INSERT INTO `prestamos` (`numero_prestamo`, `codigo_libro`, `carne_alumno`, `fecha_prestamo`, `fecha_devolucion`, `codigo_empleado`) VALUES (\'1\', \'100002\', \'2013002\', \'2025-09-11\', \'2025-09-26\', \'1005\')')
 3 SYSTEMPATH\Database\BaseConnection.php(646): CodeIgniter\Database\BaseConnection->simpleQuery('INSERT INTO `prestamos` (`numero_prestamo`, `codigo_libro`, `carne_alumno`, `fecha_prestamo`, `fecha_devolucion`, `codigo_empleado`) VALUES (\'1\', \'100002\', \'2013002\', \'2025-09-11\', \'2025-09-26\', \'1005\')')
 4 SYSTEMPATH\Database\BaseBuilder.php(2345): CodeIgniter\Database\BaseConnection->query('INSERT INTO `prestamos` (`numero_prestamo`, `codigo_libro`, `carne_alumno`, `fecha_prestamo`, `fecha_devolucion`, `codigo_empleado`) VALUES (:numero_prestamo:, :codigo_libro:, :carne_alumno:, :fecha_prestamo:, :fecha_devolucion:, :codigo_empleado:)', [...], false)
 5 SYSTEMPATH\Model.php(394): CodeIgniter\Database\BaseBuilder->insert()
 6 SYSTEMPATH\BaseModel.php(838): CodeIgniter\Model->doInsert([...])
 7 SYSTEMPATH\Model.php(797): CodeIgniter\BaseModel->insert([...], true)
 8 APPPATH\Controllers\PrestamosController.php(39): CodeIgniter\Model->insert([...])
 9 SYSTEMPATH\CodeIgniter.php(933): App\Controllers\PrestamosController->agregarPrestamo()
10 SYSTEMPATH\CodeIgniter.php(507): CodeIgniter\CodeIgniter->runController(Object(App\Controllers\PrestamosController))
11 SYSTEMPATH\CodeIgniter.php(354): CodeIgniter\CodeIgniter->handleRequest(null, Object(Config\Cache), false)
12 SYSTEMPATH\Boot.php(363): CodeIgniter\CodeIgniter->run()
13 SYSTEMPATH\Boot.php(68): CodeIgniter\Boot::runCodeIgniter(Object(CodeIgniter\CodeIgniter))
14 FCPATH\index.php(59): CodeIgniter\Boot::bootWeb(Object(Config\Paths))
CRITICAL - 2025-09-19 00:07:21 --> CodeIgniter\Database\Exceptions\DatabaseException: Updates are not allowed unless they contain a "where" or "like" clause.
[Method: POST, Route: actualizar_prestamo]
in SYSTEMPATH\Model.php on line 456.
 1 SYSTEMPATH\BaseModel.php(1025): CodeIgniter\Model->doUpdate(null, [...])
 2 SYSTEMPATH\Model.php(860): CodeIgniter\BaseModel->update(null, [...])
 3 APPPATH\Controllers\PrestamosController.php(73): CodeIgniter\Model->update(null, [...])
 4 SYSTEMPATH\CodeIgniter.php(933): App\Controllers\PrestamosController->actualizar()
 5 SYSTEMPATH\CodeIgniter.php(507): CodeIgniter\CodeIgniter->runController(Object(App\Controllers\PrestamosController))
 6 SYSTEMPATH\CodeIgniter.php(354): CodeIgniter\CodeIgniter->handleRequest(null, Object(Config\Cache), false)
 7 SYSTEMPATH\Boot.php(363): CodeIgniter\CodeIgniter->run()
 8 SYSTEMPATH\Boot.php(68): CodeIgniter\Boot::runCodeIgniter(Object(CodeIgniter\CodeIgniter))
 9 FCPATH\index.php(59): CodeIgniter\Boot::bootWeb(Object(Config\Paths))
ERROR - 2025-09-19 04:59:12 --> mysqli_sql_exception: Unknown column 'as' in 'field list' in C:\wamp64\www\fs2025\ADHD03\system\Database\MySQLi\Connection.php:327
Stack trace:
#0 C:\wamp64\www\fs2025\ADHD03\system\Database\MySQLi\Connection.php(327): mysqli->query('SELECT `libros`...', 0)
#1 C:\wamp64\www\fs2025\ADHD03\system\Database\BaseConnection.php(729): CodeIgniter\Database\MySQLi\Connection->execute('SELECT `libros`...')
#2 C:\wamp64\www\fs2025\ADHD03\system\Database\BaseConnection.php(646): CodeIgniter\Database\BaseConnection->simpleQuery('SELECT `libros`...')
#3 C:\wamp64\www\fs2025\ADHD03\system\Database\BaseBuilder.php(1649): CodeIgniter\Database\BaseConnection->query('SELECT `libros`...', Array, false)
#4 C:\wamp64\www\fs2025\ADHD03\app\Controllers\LibrosController.php(20): CodeIgniter\Database\BaseBuilder->get()
#5 C:\wamp64\www\fs2025\ADHD03\system\CodeIgniter.php(933): App\Controllers\LibrosController->index()
#6 C:\wamp64\www\fs2025\ADHD03\system\CodeIgniter.php(507): CodeIgniter\CodeIgniter->runController(Object(App\Controllers\LibrosController))
#7 C:\wamp64\www\fs2025\ADHD03\system\CodeIgniter.php(354): CodeIgniter\CodeIgniter->handleRequest(NULL, Object(Config\Cache), false)
#8 C:\wamp64\www\fs2025\ADHD03\system\Boot.php(363): CodeIgniter\CodeIgniter->run()
#9 C:\wamp64\www\fs2025\ADHD03\system\Boot.php(68): CodeIgniter\Boot::runCodeIgniter(Object(CodeIgniter\CodeIgniter))
#10 C:\wamp64\www\fs2025\ADHD03\public\index.php(59): CodeIgniter\Boot::bootWeb(Object(Config\Paths))
#11 {main}
CRITICAL - 2025-09-19 04:59:12 --> CodeIgniter\Database\Exceptions\DatabaseException: Unknown column 'as' in 'field list'
[Method: GET, Route: libros]
in SYSTEMPATH\Database\BaseConnection.php on line 684.
 1 SYSTEMPATH\Database\BaseBuilder.php(1649): CodeIgniter\Database\BaseConnection->query('SELECT `libros`.*, `editoriales`.`nombre`, `as` `Editorial`
FROM `libros`
JOIN `editoriales` ON `libros`.`codigo_editorial` = `editoriales`.`codigo_editorial`
JOIN `estados` ON `libros`.`estado` = `estados`.`codigo_estado`', [], false)
 2 APPPATH\Controllers\LibrosController.php(20): CodeIgniter\Database\BaseBuilder->get()
 3 SYSTEMPATH\CodeIgniter.php(933): App\Controllers\LibrosController->index()
 4 SYSTEMPATH\CodeIgniter.php(507): CodeIgniter\CodeIgniter->runController(Object(App\Controllers\LibrosController))
 5 SYSTEMPATH\CodeIgniter.php(354): CodeIgniter\CodeIgniter->handleRequest(null, Object(Config\Cache), false)
 6 SYSTEMPATH\Boot.php(363): CodeIgniter\CodeIgniter->run()
 7 SYSTEMPATH\Boot.php(68): CodeIgniter\Boot::runCodeIgniter(Object(CodeIgniter\CodeIgniter))
 8 FCPATH\index.php(59): CodeIgniter\Boot::bootWeb(Object(Config\Paths))
CRITICAL - 2025-09-19 04:59:12 --> [Caused by] CodeIgniter\Database\Exceptions\DatabaseException: Unknown column 'as' in 'field list'
in SYSTEMPATH\Database\MySQLi\Connection.php on line 332.
 1 SYSTEMPATH\Database\BaseConnection.php(729): CodeIgniter\Database\MySQLi\Connection->execute('SELECT `libros`.*, `editoriales`.`nombre`, `as` `Editorial`
FROM `libros`
JOIN `editoriales` ON `libros`.`codigo_editorial` = `editoriales`.`codigo_editorial`
JOIN `estados` ON `libros`.`estado` = `estados`.`codigo_estado`')
 2 SYSTEMPATH\Database\BaseConnection.php(646): CodeIgniter\Database\BaseConnection->simpleQuery('SELECT `libros`.*, `editoriales`.`nombre`, `as` `Editorial`
FROM `libros`
JOIN `editoriales` ON `libros`.`codigo_editorial` = `editoriales`.`codigo_editorial`
JOIN `estados` ON `libros`.`estado` = `estados`.`codigo_estado`')
 3 SYSTEMPATH\Database\BaseBuilder.php(1649): CodeIgniter\Database\BaseConnection->query('SELECT `libros`.*, `editoriales`.`nombre`, `as` `Editorial`
FROM `libros`
JOIN `editoriales` ON `libros`.`codigo_editorial` = `editoriales`.`codigo_editorial`
JOIN `estados` ON `libros`.`estado` = `estados`.`codigo_estado`', [], false)
 4 APPPATH\Controllers\LibrosController.php(20): CodeIgniter\Database\BaseBuilder->get()
 5 SYSTEMPATH\CodeIgniter.php(933): App\Controllers\LibrosController->index()
 6 SYSTEMPATH\CodeIgniter.php(507): CodeIgniter\CodeIgniter->runController(Object(App\Controllers\LibrosController))
 7 SYSTEMPATH\CodeIgniter.php(354): CodeIgniter\CodeIgniter->handleRequest(null, Object(Config\Cache), false)
 8 SYSTEMPATH\Boot.php(363): CodeIgniter\CodeIgniter->run()
 9 SYSTEMPATH\Boot.php(68): CodeIgniter\Boot::runCodeIgniter(Object(CodeIgniter\CodeIgniter))
10 FCPATH\index.php(59): CodeIgniter\Boot::bootWeb(Object(Config\Paths))
CRITICAL - 2025-09-19 04:59:12 --> [Caused by] mysqli_sql_exception: Unknown column 'as' in 'field list'
in SYSTEMPATH\Database\MySQLi\Connection.php on line 327.
 1 SYSTEMPATH\Database\MySQLi\Connection.php(327): mysqli->query('SELECT `libros`.*, `editoriales`.`nombre`, `as` `Editorial`
FROM `libros`
JOIN `editoriales` ON `libros`.`codigo_editorial` = `editoriales`.`codigo_editorial`
JOIN `estados` ON `libros`.`estado` = `estados`.`codigo_estado`', 0)
 2 SYSTEMPATH\Database\BaseConnection.php(729): CodeIgniter\Database\MySQLi\Connection->execute('SELECT `libros`.*, `editoriales`.`nombre`, `as` `Editorial`
FROM `libros`
JOIN `editoriales` ON `libros`.`codigo_editorial` = `editoriales`.`codigo_editorial`
JOIN `estados` ON `libros`.`estado` = `estados`.`codigo_estado`')
 3 SYSTEMPATH\Database\BaseConnection.php(646): CodeIgniter\Database\BaseConnection->simpleQuery('SELECT `libros`.*, `editoriales`.`nombre`, `as` `Editorial`
FROM `libros`
JOIN `editoriales` ON `libros`.`codigo_editorial` = `editoriales`.`codigo_editorial`
JOIN `estados` ON `libros`.`estado` = `estados`.`codigo_estado`')
 4 SYSTEMPATH\Database\BaseBuilder.php(1649): CodeIgniter\Database\BaseConnection->query('SELECT `libros`.*, `editoriales`.`nombre`, `as` `Editorial`
FROM `libros`
JOIN `editoriales` ON `libros`.`codigo_editorial` = `editoriales`.`codigo_editorial`
JOIN `estados` ON `libros`.`estado` = `estados`.`codigo_estado`', [], false)
 5 APPPATH\Controllers\LibrosController.php(20): CodeIgniter\Database\BaseBuilder->get()
 6 SYSTEMPATH\CodeIgniter.php(933): App\Controllers\LibrosController->index()
 7 SYSTEMPATH\CodeIgniter.php(507): CodeIgniter\CodeIgniter->runController(Object(App\Controllers\LibrosController))
 8 SYSTEMPATH\CodeIgniter.php(354): CodeIgniter\CodeIgniter->handleRequest(null, Object(Config\Cache), false)
 9 SYSTEMPATH\Boot.php(363): CodeIgniter\CodeIgniter->run()
10 SYSTEMPATH\Boot.php(68): CodeIgniter\Boot::runCodeIgniter(Object(CodeIgniter\CodeIgniter))
11 FCPATH\index.php(59): CodeIgniter\Boot::bootWeb(Object(Config\Paths))
ERROR - 2025-09-19 21:12:22 --> mysqli_sql_exception: Duplicate entry '100024' for key 'libros.PRIMARY' in C:\wamp64\www\fs2025\ADHD03\system\Database\MySQLi\Connection.php:327
Stack trace:
#0 C:\wamp64\www\fs2025\ADHD03\system\Database\MySQLi\Connection.php(327): mysqli->query('INSERT INTO `li...', 0)
#1 C:\wamp64\www\fs2025\ADHD03\system\Database\BaseConnection.php(729): CodeIgniter\Database\MySQLi\Connection->execute('INSERT INTO `li...')
#2 C:\wamp64\www\fs2025\ADHD03\system\Database\BaseConnection.php(646): CodeIgniter\Database\BaseConnection->simpleQuery('INSERT INTO `li...')
#3 C:\wamp64\www\fs2025\ADHD03\system\Database\BaseBuilder.php(2345): CodeIgniter\Database\BaseConnection->query('INSERT INTO `li...', Array, false)
#4 C:\wamp64\www\fs2025\ADHD03\system\Model.php(394): CodeIgniter\Database\BaseBuilder->insert()
#5 C:\wamp64\www\fs2025\ADHD03\system\BaseModel.php(838): CodeIgniter\Model->doInsert(Array)
#6 C:\wamp64\www\fs2025\ADHD03\system\Model.php(797): CodeIgniter\BaseModel->insert(Array, true)
#7 C:\wamp64\www\fs2025\ADHD03\app\Controllers\LibrosController.php(46): CodeIgniter\Model->insert(Array)
#8 C:\wamp64\www\fs2025\ADHD03\system\CodeIgniter.php(933): App\Controllers\LibrosController->agregarLibro()
#9 C:\wamp64\www\fs2025\ADHD03\system\CodeIgniter.php(507): CodeIgniter\CodeIgniter->runController(Object(App\Controllers\LibrosController))
#10 C:\wamp64\www\fs2025\ADHD03\system\CodeIgniter.php(354): CodeIgniter\CodeIgniter->handleRequest(NULL, Object(Config\Cache), false)
#11 C:\wamp64\www\fs2025\ADHD03\system\Boot.php(363): CodeIgniter\CodeIgniter->run()
#12 C:\wamp64\www\fs2025\ADHD03\system\Boot.php(68): CodeIgniter\Boot::runCodeIgniter(Object(CodeIgniter\CodeIgniter))
#13 C:\wamp64\www\fs2025\ADHD03\public\index.php(59): CodeIgniter\Boot::bootWeb(Object(Config\Paths))
#14 {main}
CRITICAL - 2025-09-19 21:12:22 --> CodeIgniter\Database\Exceptions\DatabaseException: Duplicate entry '100024' for key 'libros.PRIMARY'
[Method: POST, Route: agregarLibro]
in SYSTEMPATH\Database\BaseConnection.php on line 684.
 1 SYSTEMPATH\Database\BaseBuilder.php(2345): CodeIgniter\Database\BaseConnection->query('INSERT INTO `libros` (`codigo_libro`, `codigo_autor`, `codigo_editorial`, `titulo`, `precio`, `estado`) VALUES (:codigo_libro:, :codigo_autor:, :codigo_editorial:, :titulo:, :precio:, :estado:)', [...], false)
 2 SYSTEMPATH\Model.php(394): CodeIgniter\Database\BaseBuilder->insert()
 3 SYSTEMPATH\BaseModel.php(838): CodeIgniter\Model->doInsert([...])
 4 SYSTEMPATH\Model.php(797): CodeIgniter\BaseModel->insert([...], true)
 5 APPPATH\Controllers\LibrosController.php(46): CodeIgniter\Model->insert([...])
 6 SYSTEMPATH\CodeIgniter.php(933): App\Controllers\LibrosController->agregarLibro()
 7 SYSTEMPATH\CodeIgniter.php(507): CodeIgniter\CodeIgniter->runController(Object(App\Controllers\LibrosController))
 8 SYSTEMPATH\CodeIgniter.php(354): CodeIgniter\CodeIgniter->handleRequest(null, Object(Config\Cache), false)
 9 SYSTEMPATH\Boot.php(363): CodeIgniter\CodeIgniter->run()
10 SYSTEMPATH\Boot.php(68): CodeIgniter\Boot::runCodeIgniter(Object(CodeIgniter\CodeIgniter))
11 FCPATH\index.php(59): CodeIgniter\Boot::bootWeb(Object(Config\Paths))
CRITICAL - 2025-09-19 21:12:22 --> [Caused by] CodeIgniter\Database\Exceptions\DatabaseException: Duplicate entry '100024' for key 'libros.PRIMARY'
in SYSTEMPATH\Database\MySQLi\Connection.php on line 332.
 1 SYSTEMPATH\Database\BaseConnection.php(729): CodeIgniter\Database\MySQLi\Connection->execute('INSERT INTO `libros` (`codigo_libro`, `codigo_autor`, `codigo_editorial`, `titulo`, `precio`, `estado`) VALUES (\'100024\', \'24\', \'300\', \'Libro Magnifico\', \'100\', \'4\')')
 2 SYSTEMPATH\Database\BaseConnection.php(646): CodeIgniter\Database\BaseConnection->simpleQuery('INSERT INTO `libros` (`codigo_libro`, `codigo_autor`, `codigo_editorial`, `titulo`, `precio`, `estado`) VALUES (\'100024\', \'24\', \'300\', \'Libro Magnifico\', \'100\', \'4\')')
 3 SYSTEMPATH\Database\BaseBuilder.php(2345): CodeIgniter\Database\BaseConnection->query('INSERT INTO `libros` (`codigo_libro`, `codigo_autor`, `codigo_editorial`, `titulo`, `precio`, `estado`) VALUES (:codigo_libro:, :codigo_autor:, :codigo_editorial:, :titulo:, :precio:, :estado:)', [...], false)
 4 SYSTEMPATH\Model.php(394): CodeIgniter\Database\BaseBuilder->insert()
 5 SYSTEMPATH\BaseModel.php(838): CodeIgniter\Model->doInsert([...])
 6 SYSTEMPATH\Model.php(797): CodeIgniter\BaseModel->insert([...], true)
 7 APPPATH\Controllers\LibrosController.php(46): CodeIgniter\Model->insert([...])
 8 SYSTEMPATH\CodeIgniter.php(933): App\Controllers\LibrosController->agregarLibro()
 9 SYSTEMPATH\CodeIgniter.php(507): CodeIgniter\CodeIgniter->runController(Object(App\Controllers\LibrosController))
10 SYSTEMPATH\CodeIgniter.php(354): CodeIgniter\CodeIgniter->handleRequest(null, Object(Config\Cache), false)
11 SYSTEMPATH\Boot.php(363): CodeIgniter\CodeIgniter->run()
12 SYSTEMPATH\Boot.php(68): CodeIgniter\Boot::runCodeIgniter(Object(CodeIgniter\CodeIgniter))
13 FCPATH\index.php(59): CodeIgniter\Boot::bootWeb(Object(Config\Paths))
CRITICAL - 2025-09-19 21:12:22 --> [Caused by] mysqli_sql_exception: Duplicate entry '100024' for key 'libros.PRIMARY'
in SYSTEMPATH\Database\MySQLi\Connection.php on line 327.
 1 SYSTEMPATH\Database\MySQLi\Connection.php(327): mysqli->query('INSERT INTO `libros` (`codigo_libro`, `codigo_autor`, `codigo_editorial`, `titulo`, `precio`, `estado`) VALUES (\'100024\', \'24\', \'300\', \'Libro Magnifico\', \'100\', \'4\')', 0)
 2 SYSTEMPATH\Database\BaseConnection.php(729): CodeIgniter\Database\MySQLi\Connection->execute('INSERT INTO `libros` (`codigo_libro`, `codigo_autor`, `codigo_editorial`, `titulo`, `precio`, `estado`) VALUES (\'100024\', \'24\', \'300\', \'Libro Magnifico\', \'100\', \'4\')')
 3 SYSTEMPATH\Database\BaseConnection.php(646): CodeIgniter\Database\BaseConnection->simpleQuery('INSERT INTO `libros` (`codigo_libro`, `codigo_autor`, `codigo_editorial`, `titulo`, `precio`, `estado`) VALUES (\'100024\', \'24\', \'300\', \'Libro Magnifico\', \'100\', \'4\')')
 4 SYSTEMPATH\Database\BaseBuilder.php(2345): CodeIgniter\Database\BaseConnection->query('INSERT INTO `libros` (`codigo_libro`, `codigo_autor`, `codigo_editorial`, `titulo`, `precio`, `estado`) VALUES (:codigo_libro:, :codigo_autor:, :codigo_editorial:, :titulo:, :precio:, :estado:)', [...], false)
 5 SYSTEMPATH\Model.php(394): CodeIgniter\Database\BaseBuilder->insert()
 6 SYSTEMPATH\BaseModel.php(838): CodeIgniter\Model->doInsert([...])
 7 SYSTEMPATH\Model.php(797): CodeIgniter\BaseModel->insert([...], true)
 8 APPPATH\Controllers\LibrosController.php(46): CodeIgniter\Model->insert([...])
 9 SYSTEMPATH\CodeIgniter.php(933): App\Controllers\LibrosController->agregarLibro()
10 SYSTEMPATH\CodeIgniter.php(507): CodeIgniter\CodeIgniter->runController(Object(App\Controllers\LibrosController))
11 SYSTEMPATH\CodeIgniter.php(354): CodeIgniter\CodeIgniter->handleRequest(null, Object(Config\Cache), false)
12 SYSTEMPATH\Boot.php(363): CodeIgniter\CodeIgniter->run()
13 SYSTEMPATH\Boot.php(68): CodeIgniter\Boot::runCodeIgniter(Object(CodeIgniter\CodeIgniter))
14 FCPATH\index.php(59): CodeIgniter\Boot::bootWeb(Object(Config\Paths))
CRITICAL - 2025-09-19 21:35:03 --> CodeIgniter\View\Exceptions\ViewException: Invalid file: "form_modificar_libros.php"
[Method: GET, Route: buscar_libro/100011]
in SYSTEMPATH\Exceptions\FrameworkException.php on line 39.
 1 SYSTEMPATH\View\View.php(214): CodeIgniter\Exceptions\FrameworkException::forInvalidFile('form_modificar_libros.php')
 2 SYSTEMPATH\Common.php(1167): CodeIgniter\View\View->render('form_modificar_libros', [], true)
 3 APPPATH\Controllers\LibrosController.php(67): view('form_modificar_libros', [...])
 4 SYSTEMPATH\CodeIgniter.php(933): App\Controllers\LibrosController->buscar('100011')
 5 SYSTEMPATH\CodeIgniter.php(507): CodeIgniter\CodeIgniter->runController(Object(App\Controllers\LibrosController))
 6 SYSTEMPATH\CodeIgniter.php(354): CodeIgniter\CodeIgniter->handleRequest(null, Object(Config\Cache), false)
 7 SYSTEMPATH\Boot.php(363): CodeIgniter\CodeIgniter->run()
 8 SYSTEMPATH\Boot.php(68): CodeIgniter\Boot::runCodeIgniter(Object(CodeIgniter\CodeIgniter))
 9 FCPATH\index.php(59): CodeIgniter\Boot::bootWeb(Object(Config\Paths))
CRITICAL - 2025-09-19 21:52:08 --> CodeIgniter\View\Exceptions\ViewException: Invalid file: "form_modificar_libros.php"
[Method: GET, Route: buscar_libro/100011]
in SYSTEMPATH\Exceptions\FrameworkException.php on line 39.
 1 SYSTEMPATH\View\View.php(214): CodeIgniter\Exceptions\FrameworkException::forInvalidFile('form_modificar_libros.php')
 2 SYSTEMPATH\Common.php(1167): CodeIgniter\View\View->render('form_modificar_libros', [], true)
 3 APPPATH\Controllers\LibrosController.php(67): view('form_modificar_libros', [...])
 4 SYSTEMPATH\CodeIgniter.php(933): App\Controllers\LibrosController->buscar('100011')
 5 SYSTEMPATH\CodeIgniter.php(507): CodeIgniter\CodeIgniter->runController(Object(App\Controllers\LibrosController))
 6 SYSTEMPATH\CodeIgniter.php(354): CodeIgniter\CodeIgniter->handleRequest(null, Object(Config\Cache), false)
 7 SYSTEMPATH\Boot.php(363): CodeIgniter\CodeIgniter->run()
 8 SYSTEMPATH\Boot.php(68): CodeIgniter\Boot::runCodeIgniter(Object(CodeIgniter\CodeIgniter))
 9 FCPATH\index.php(59): CodeIgniter\Boot::bootWeb(Object(Config\Paths))
CRITICAL - 2025-09-19 21:52:10 --> CodeIgniter\View\Exceptions\ViewException: Invalid file: "form_modificar_libros.php"
[Method: GET, Route: buscar_libro/100011]
in SYSTEMPATH\Exceptions\FrameworkException.php on line 39.
 1 SYSTEMPATH\View\View.php(214): CodeIgniter\Exceptions\FrameworkException::forInvalidFile('form_modificar_libros.php')
 2 SYSTEMPATH\Common.php(1167): CodeIgniter\View\View->render('form_modificar_libros', [], true)
 3 APPPATH\Controllers\LibrosController.php(67): view('form_modificar_libros', [...])
 4 SYSTEMPATH\CodeIgniter.php(933): App\Controllers\LibrosController->buscar('100011')
 5 SYSTEMPATH\CodeIgniter.php(507): CodeIgniter\CodeIgniter->runController(Object(App\Controllers\LibrosController))
 6 SYSTEMPATH\CodeIgniter.php(354): CodeIgniter\CodeIgniter->handleRequest(null, Object(Config\Cache), false)
 7 SYSTEMPATH\Boot.php(363): CodeIgniter\CodeIgniter->run()
 8 SYSTEMPATH\Boot.php(68): CodeIgniter\Boot::runCodeIgniter(Object(CodeIgniter\CodeIgniter))
 9 FCPATH\index.php(59): CodeIgniter\Boot::bootWeb(Object(Config\Paths))
CRITICAL - 2025-09-19 21:52:58 --> ErrorException: Undefined array key "fecha_prestamo"
[Method: GET, Route: buscar_libro/100011]
in APPPATH\Views\form_modificar_libros.php on line 40.
 1 APPPATH\Views\form_modificar_libros.php(40): CodeIgniter\Debug\Exceptions->errorHandler(2, 'Undefined array key "fecha_prestamo"', 'C:\\wamp64\\www\\fs2025\\ADHD03\\app\\Views\\form_modificar_libros.php', 40)
 2 SYSTEMPATH\View\View.php(226): include('C:\\wamp64\\www\\fs2025\\ADHD03\\app\\Views\\form_modificar_libros.php')
 3 SYSTEMPATH\View\View.php(229): CodeIgniter\View\View->CodeIgniter\View\{closure}()
 4 SYSTEMPATH\Common.php(1167): CodeIgniter\View\View->render('form_modificar_libros', [], true)
 5 APPPATH\Controllers\LibrosController.php(67): view('form_modificar_libros', [...])
 6 SYSTEMPATH\CodeIgniter.php(933): App\Controllers\LibrosController->buscar('100011')
 7 SYSTEMPATH\CodeIgniter.php(507): CodeIgniter\CodeIgniter->runController(Object(App\Controllers\LibrosController))
 8 SYSTEMPATH\CodeIgniter.php(354): CodeIgniter\CodeIgniter->handleRequest(null, Object(Config\Cache), false)
 9 SYSTEMPATH\Boot.php(363): CodeIgniter\CodeIgniter->run()
10 SYSTEMPATH\Boot.php(68): CodeIgniter\Boot::runCodeIgniter(Object(CodeIgniter\CodeIgniter))
11 FCPATH\index.php(59): CodeIgniter\Boot::bootWeb(Object(Config\Paths))
CRITICAL - 2025-09-19 21:52:59 --> ErrorException: Undefined array key "fecha_prestamo"
[Method: GET, Route: buscar_libro/100011]
in APPPATH\Views\form_modificar_libros.php on line 40.
 1 APPPATH\Views\form_modificar_libros.php(40): CodeIgniter\Debug\Exceptions->errorHandler(2, 'Undefined array key "fecha_prestamo"', 'C:\\wamp64\\www\\fs2025\\ADHD03\\app\\Views\\form_modificar_libros.php', 40)
 2 SYSTEMPATH\View\View.php(226): include('C:\\wamp64\\www\\fs2025\\ADHD03\\app\\Views\\form_modificar_libros.php')
 3 SYSTEMPATH\View\View.php(229): CodeIgniter\View\View->CodeIgniter\View\{closure}()
 4 SYSTEMPATH\Common.php(1167): CodeIgniter\View\View->render('form_modificar_libros', [], true)
 5 APPPATH\Controllers\LibrosController.php(67): view('form_modificar_libros', [...])
 6 SYSTEMPATH\CodeIgniter.php(933): App\Controllers\LibrosController->buscar('100011')
 7 SYSTEMPATH\CodeIgniter.php(507): CodeIgniter\CodeIgniter->runController(Object(App\Controllers\LibrosController))
 8 SYSTEMPATH\CodeIgniter.php(354): CodeIgniter\CodeIgniter->handleRequest(null, Object(Config\Cache), false)
 9 SYSTEMPATH\Boot.php(363): CodeIgniter\CodeIgniter->run()
10 SYSTEMPATH\Boot.php(68): CodeIgniter\Boot::runCodeIgniter(Object(CodeIgniter\CodeIgniter))
11 FCPATH\index.php(59): CodeIgniter\Boot::bootWeb(Object(Config\Paths))
CRITICAL - 2025-09-19 21:52:59 --> ErrorException: Undefined array key "fecha_prestamo"
[Method: GET, Route: buscar_libro/100011]
in APPPATH\Views\form_modificar_libros.php on line 40.
 1 APPPATH\Views\form_modificar_libros.php(40): CodeIgniter\Debug\Exceptions->errorHandler(2, 'Undefined array key "fecha_prestamo"', 'C:\\wamp64\\www\\fs2025\\ADHD03\\app\\Views\\form_modificar_libros.php', 40)
 2 SYSTEMPATH\View\View.php(226): include('C:\\wamp64\\www\\fs2025\\ADHD03\\app\\Views\\form_modificar_libros.php')
 3 SYSTEMPATH\View\View.php(229): CodeIgniter\View\View->CodeIgniter\View\{closure}()
 4 SYSTEMPATH\Common.php(1167): CodeIgniter\View\View->render('form_modificar_libros', [], true)
 5 APPPATH\Controllers\LibrosController.php(67): view('form_modificar_libros', [...])
 6 SYSTEMPATH\CodeIgniter.php(933): App\Controllers\LibrosController->buscar('100011')
 7 SYSTEMPATH\CodeIgniter.php(507): CodeIgniter\CodeIgniter->runController(Object(App\Controllers\LibrosController))
 8 SYSTEMPATH\CodeIgniter.php(354): CodeIgniter\CodeIgniter->handleRequest(null, Object(Config\Cache), false)
 9 SYSTEMPATH\Boot.php(363): CodeIgniter\CodeIgniter->run()
10 SYSTEMPATH\Boot.php(68): CodeIgniter\Boot::runCodeIgniter(Object(CodeIgniter\CodeIgniter))
11 FCPATH\index.php(59): CodeIgniter\Boot::bootWeb(Object(Config\Paths))
CRITICAL - 2025-09-19 21:52:59 --> ErrorException: Undefined array key "fecha_prestamo"
[Method: GET, Route: buscar_libro/100011]
in APPPATH\Views\form_modificar_libros.php on line 40.
 1 APPPATH\Views\form_modificar_libros.php(40): CodeIgniter\Debug\Exceptions->errorHandler(2, 'Undefined array key "fecha_prestamo"', 'C:\\wamp64\\www\\fs2025\\ADHD03\\app\\Views\\form_modificar_libros.php', 40)
 2 SYSTEMPATH\View\View.php(226): include('C:\\wamp64\\www\\fs2025\\ADHD03\\app\\Views\\form_modificar_libros.php')
 3 SYSTEMPATH\View\View.php(229): CodeIgniter\View\View->CodeIgniter\View\{closure}()
 4 SYSTEMPATH\Common.php(1167): CodeIgniter\View\View->render('form_modificar_libros', [], true)
 5 APPPATH\Controllers\LibrosController.php(67): view('form_modificar_libros', [...])
 6 SYSTEMPATH\CodeIgniter.php(933): App\Controllers\LibrosController->buscar('100011')
 7 SYSTEMPATH\CodeIgniter.php(507): CodeIgniter\CodeIgniter->runController(Object(App\Controllers\LibrosController))
 8 SYSTEMPATH\CodeIgniter.php(354): CodeIgniter\CodeIgniter->handleRequest(null, Object(Config\Cache), false)
 9 SYSTEMPATH\Boot.php(363): CodeIgniter\CodeIgniter->run()
10 SYSTEMPATH\Boot.php(68): CodeIgniter\Boot::runCodeIgniter(Object(CodeIgniter\CodeIgniter))
11 FCPATH\index.php(59): CodeIgniter\Boot::bootWeb(Object(Config\Paths))
CRITICAL - 2025-09-19 21:53:00 --> ErrorException: Undefined array key "fecha_prestamo"
[Method: GET, Route: buscar_libro/100011]
in APPPATH\Views\form_modificar_libros.php on line 40.
 1 APPPATH\Views\form_modificar_libros.php(40): CodeIgniter\Debug\Exceptions->errorHandler(2, 'Undefined array key "fecha_prestamo"', 'C:\\wamp64\\www\\fs2025\\ADHD03\\app\\Views\\form_modificar_libros.php', 40)
 2 SYSTEMPATH\View\View.php(226): include('C:\\wamp64\\www\\fs2025\\ADHD03\\app\\Views\\form_modificar_libros.php')
 3 SYSTEMPATH\View\View.php(229): CodeIgniter\View\View->CodeIgniter\View\{closure}()
 4 SYSTEMPATH\Common.php(1167): CodeIgniter\View\View->render('form_modificar_libros', [], true)
 5 APPPATH\Controllers\LibrosController.php(67): view('form_modificar_libros', [...])
 6 SYSTEMPATH\CodeIgniter.php(933): App\Controllers\LibrosController->buscar('100011')
 7 SYSTEMPATH\CodeIgniter.php(507): CodeIgniter\CodeIgniter->runController(Object(App\Controllers\LibrosController))
 8 SYSTEMPATH\CodeIgniter.php(354): CodeIgniter\CodeIgniter->handleRequest(null, Object(Config\Cache), false)
 9 SYSTEMPATH\Boot.php(363): CodeIgniter\CodeIgniter->run()
10 SYSTEMPATH\Boot.php(68): CodeIgniter\Boot::runCodeIgniter(Object(CodeIgniter\CodeIgniter))
11 FCPATH\index.php(59): CodeIgniter\Boot::bootWeb(Object(Config\Paths))
ERROR - 2025-09-19 22:07:10 --> mysqli_sql_exception: Cannot add or update a child row: a foreign key constraint fails (`fs2025_biblioteca`.`libros`, CONSTRAINT `libros_ibfk_2` FOREIGN KEY (`codigo_editorial`) REFERENCES `editoriales` (`codigo_editorial`) ON DELETE CASCADE ON UPDATE CASCADE) in C:\wamp64\www\fs2025\ADHD03\system\Database\MySQLi\Connection.php:327
Stack trace:
#0 C:\wamp64\www\fs2025\ADHD03\system\Database\MySQLi\Connection.php(327): mysqli->query('UPDATE `libros`...', 0)
#1 C:\wamp64\www\fs2025\ADHD03\system\Database\BaseConnection.php(729): CodeIgniter\Database\MySQLi\Connection->execute('UPDATE `libros`...')
#2 C:\wamp64\www\fs2025\ADHD03\system\Database\BaseConnection.php(646): CodeIgniter\Database\BaseConnection->simpleQuery('UPDATE `libros`...')
#3 C:\wamp64\www\fs2025\ADHD03\system\Database\BaseBuilder.php(2521): CodeIgniter\Database\BaseConnection->query('UPDATE `libros`...', Array, false)
#4 C:\wamp64\www\fs2025\ADHD03\system\Model.php(461): CodeIgniter\Database\BaseBuilder->update()
#5 C:\wamp64\www\fs2025\ADHD03\system\BaseModel.php(1025): CodeIgniter\Model->doUpdate(Array, Array)
#6 C:\wamp64\www\fs2025\ADHD03\system\Model.php(860): CodeIgniter\BaseModel->update(Array, Array)
#7 C:\wamp64\www\fs2025\ADHD03\app\Controllers\LibrosController.php(81): CodeIgniter\Model->update('100031', Array)
#8 C:\wamp64\www\fs2025\ADHD03\system\CodeIgniter.php(933): App\Controllers\LibrosController->actualizar()
#9 C:\wamp64\www\fs2025\ADHD03\system\CodeIgniter.php(507): CodeIgniter\CodeIgniter->runController(Object(App\Controllers\LibrosController))
#10 C:\wamp64\www\fs2025\ADHD03\system\CodeIgniter.php(354): CodeIgniter\CodeIgniter->handleRequest(NULL, Object(Config\Cache), false)
#11 C:\wamp64\www\fs2025\ADHD03\system\Boot.php(363): CodeIgniter\CodeIgniter->run()
#12 C:\wamp64\www\fs2025\ADHD03\system\Boot.php(68): CodeIgniter\Boot::runCodeIgniter(Object(CodeIgniter\CodeIgniter))
#13 C:\wamp64\www\fs2025\ADHD03\public\index.php(59): CodeIgniter\Boot::bootWeb(Object(Config\Paths))
#14 {main}
CRITICAL - 2025-09-19 22:07:10 --> CodeIgniter\Database\Exceptions\DatabaseException: Cannot add or update a child row: a foreign key constraint fails (`fs2025_biblioteca`.`libros`, CONSTRAINT `libros_ibfk_2` FOREIGN KEY (`codigo_editorial`) REFERENCES `editoriales` (`codigo_editorial`) ON DELETE CASCADE ON UPDATE CASCADE)
[Method: POST, Route: actualizar_libro]
in SYSTEMPATH\Database\BaseConnection.php on line 684.
 1 SYSTEMPATH\Database\BaseBuilder.php(2521): CodeIgniter\Database\BaseConnection->query('UPDATE `libros` SET `codigo_autor` = :codigo_autor:, `codigo_editorial` = :codigo_editorial:, `titulo` = :titulo:, `precio` = :precio:, `estado` = :estado:
WHERE `libros`.`codigo_libro` IN :libros.codigo_libro:', [...], false)
 2 SYSTEMPATH\Model.php(461): CodeIgniter\Database\BaseBuilder->update()
 3 SYSTEMPATH\BaseModel.php(1025): CodeIgniter\Model->doUpdate([...], [...])
 4 SYSTEMPATH\Model.php(860): CodeIgniter\BaseModel->update([...], [...])
 5 APPPATH\Controllers\LibrosController.php(81): CodeIgniter\Model->update('100031', [...])
 6 SYSTEMPATH\CodeIgniter.php(933): App\Controllers\LibrosController->actualizar()
 7 SYSTEMPATH\CodeIgniter.php(507): CodeIgniter\CodeIgniter->runController(Object(App\Controllers\LibrosController))
 8 SYSTEMPATH\CodeIgniter.php(354): CodeIgniter\CodeIgniter->handleRequest(null, Object(Config\Cache), false)
 9 SYSTEMPATH\Boot.php(363): CodeIgniter\CodeIgniter->run()
10 SYSTEMPATH\Boot.php(68): CodeIgniter\Boot::runCodeIgniter(Object(CodeIgniter\CodeIgniter))
11 FCPATH\index.php(59): CodeIgniter\Boot::bootWeb(Object(Config\Paths))
CRITICAL - 2025-09-19 22:07:10 --> [Caused by] CodeIgniter\Database\Exceptions\DatabaseException: Cannot add or update a child row: a foreign key constraint fails (`fs2025_biblioteca`.`libros`, CONSTRAINT `libros_ibfk_2` FOREIGN KEY (`codigo_editorial`) REFERENCES `editoriales` (`codigo_editorial`) ON DELETE CASCADE ON UPDATE CASCADE)
in SYSTEMPATH\Database\MySQLi\Connection.php on line 332.
 1 SYSTEMPATH\Database\BaseConnection.php(729): CodeIgniter\Database\MySQLi\Connection->execute('UPDATE `libros` SET `codigo_autor` = \'9\', `codigo_editorial` = \'Editorial\', `titulo` = \'Libro 31\', `precio` = \'90\', `estado` = NULL
WHERE `libros`.`codigo_libro` IN (\'100031\')')
 2 SYSTEMPATH\Database\BaseConnection.php(646): CodeIgniter\Database\BaseConnection->simpleQuery('UPDATE `libros` SET `codigo_autor` = \'9\', `codigo_editorial` = \'Editorial\', `titulo` = \'Libro 31\', `precio` = \'90\', `estado` = NULL
WHERE `libros`.`codigo_libro` IN (\'100031\')')
 3 SYSTEMPATH\Database\BaseBuilder.php(2521): CodeIgniter\Database\BaseConnection->query('UPDATE `libros` SET `codigo_autor` = :codigo_autor:, `codigo_editorial` = :codigo_editorial:, `titulo` = :titulo:, `precio` = :precio:, `estado` = :estado:
WHERE `libros`.`codigo_libro` IN :libros.codigo_libro:', [...], false)
 4 SYSTEMPATH\Model.php(461): CodeIgniter\Database\BaseBuilder->update()
 5 SYSTEMPATH\BaseModel.php(1025): CodeIgniter\Model->doUpdate([...], [...])
 6 SYSTEMPATH\Model.php(860): CodeIgniter\BaseModel->update([...], [...])
 7 APPPATH\Controllers\LibrosController.php(81): CodeIgniter\Model->update('100031', [...])
 8 SYSTEMPATH\CodeIgniter.php(933): App\Controllers\LibrosController->actualizar()
 9 SYSTEMPATH\CodeIgniter.php(507): CodeIgniter\CodeIgniter->runController(Object(App\Controllers\LibrosController))
10 SYSTEMPATH\CodeIgniter.php(354): CodeIgniter\CodeIgniter->handleRequest(null, Object(Config\Cache), false)
11 SYSTEMPATH\Boot.php(363): CodeIgniter\CodeIgniter->run()
12 SYSTEMPATH\Boot.php(68): CodeIgniter\Boot::runCodeIgniter(Object(CodeIgniter\CodeIgniter))
13 FCPATH\index.php(59): CodeIgniter\Boot::bootWeb(Object(Config\Paths))
CRITICAL - 2025-09-19 22:07:10 --> [Caused by] mysqli_sql_exception: Cannot add or update a child row: a foreign key constraint fails (`fs2025_biblioteca`.`libros`, CONSTRAINT `libros_ibfk_2` FOREIGN KEY (`codigo_editorial`) REFERENCES `editoriales` (`codigo_editorial`) ON DELETE CASCADE ON UPDATE CASCADE)
in SYSTEMPATH\Database\MySQLi\Connection.php on line 327.
 1 SYSTEMPATH\Database\MySQLi\Connection.php(327): mysqli->query('UPDATE `libros` SET `codigo_autor` = \'9\', `codigo_editorial` = \'Editorial\', `titulo` = \'Libro 31\', `precio` = \'90\', `estado` = NULL
WHERE `libros`.`codigo_libro` IN (\'100031\')', 0)
 2 SYSTEMPATH\Database\BaseConnection.php(729): CodeIgniter\Database\MySQLi\Connection->execute('UPDATE `libros` SET `codigo_autor` = \'9\', `codigo_editorial` = \'Editorial\', `titulo` = \'Libro 31\', `precio` = \'90\', `estado` = NULL
WHERE `libros`.`codigo_libro` IN (\'100031\')')
 3 SYSTEMPATH\Database\BaseConnection.php(646): CodeIgniter\Database\BaseConnection->simpleQuery('UPDATE `libros` SET `codigo_autor` = \'9\', `codigo_editorial` = \'Editorial\', `titulo` = \'Libro 31\', `precio` = \'90\', `estado` = NULL
WHERE `libros`.`codigo_libro` IN (\'100031\')')
 4 SYSTEMPATH\Database\BaseBuilder.php(2521): CodeIgniter\Database\BaseConnection->query('UPDATE `libros` SET `codigo_autor` = :codigo_autor:, `codigo_editorial` = :codigo_editorial:, `titulo` = :titulo:, `precio` = :precio:, `estado` = :estado:
WHERE `libros`.`codigo_libro` IN :libros.codigo_libro:', [...], false)
 5 SYSTEMPATH\Model.php(461): CodeIgniter\Database\BaseBuilder->update()
 6 SYSTEMPATH\BaseModel.php(1025): CodeIgniter\Model->doUpdate([...], [...])
 7 SYSTEMPATH\Model.php(860): CodeIgniter\BaseModel->update([...], [...])
 8 APPPATH\Controllers\LibrosController.php(81): CodeIgniter\Model->update('100031', [...])
 9 SYSTEMPATH\CodeIgniter.php(933): App\Controllers\LibrosController->actualizar()
10 SYSTEMPATH\CodeIgniter.php(507): CodeIgniter\CodeIgniter->runController(Object(App\Controllers\LibrosController))
11 SYSTEMPATH\CodeIgniter.php(354): CodeIgniter\CodeIgniter->handleRequest(null, Object(Config\Cache), false)
12 SYSTEMPATH\Boot.php(363): CodeIgniter\CodeIgniter->run()
13 SYSTEMPATH\Boot.php(68): CodeIgniter\Boot::runCodeIgniter(Object(CodeIgniter\CodeIgniter))
14 FCPATH\index.php(59): CodeIgniter\Boot::bootWeb(Object(Config\Paths))
ERROR - 2025-09-19 22:07:29 --> mysqli_sql_exception: Cannot add or update a child row: a foreign key constraint fails (`fs2025_biblioteca`.`libros`, CONSTRAINT `libros_ibfk_2` FOREIGN KEY (`codigo_editorial`) REFERENCES `editoriales` (`codigo_editorial`) ON DELETE CASCADE ON UPDATE CASCADE) in C:\wamp64\www\fs2025\ADHD03\system\Database\MySQLi\Connection.php:327
Stack trace:
#0 C:\wamp64\www\fs2025\ADHD03\system\Database\MySQLi\Connection.php(327): mysqli->query('UPDATE `libros`...', 0)
#1 C:\wamp64\www\fs2025\ADHD03\system\Database\BaseConnection.php(729): CodeIgniter\Database\MySQLi\Connection->execute('UPDATE `libros`...')
#2 C:\wamp64\www\fs2025\ADHD03\system\Database\BaseConnection.php(646): CodeIgniter\Database\BaseConnection->simpleQuery('UPDATE `libros`...')
#3 C:\wamp64\www\fs2025\ADHD03\system\Database\BaseBuilder.php(2521): CodeIgniter\Database\BaseConnection->query('UPDATE `libros`...', Array, false)
#4 C:\wamp64\www\fs2025\ADHD03\system\Model.php(461): CodeIgniter\Database\BaseBuilder->update()
#5 C:\wamp64\www\fs2025\ADHD03\system\BaseModel.php(1025): CodeIgniter\Model->doUpdate(Array, Array)
#6 C:\wamp64\www\fs2025\ADHD03\system\Model.php(860): CodeIgniter\BaseModel->update(Array, Array)
#7 C:\wamp64\www\fs2025\ADHD03\app\Controllers\LibrosController.php(81): CodeIgniter\Model->update('100031', Array)
#8 C:\wamp64\www\fs2025\ADHD03\system\CodeIgniter.php(933): App\Controllers\LibrosController->actualizar()
#9 C:\wamp64\www\fs2025\ADHD03\system\CodeIgniter.php(507): CodeIgniter\CodeIgniter->runController(Object(App\Controllers\LibrosController))
#10 C:\wamp64\www\fs2025\ADHD03\system\CodeIgniter.php(354): CodeIgniter\CodeIgniter->handleRequest(NULL, Object(Config\Cache), false)
#11 C:\wamp64\www\fs2025\ADHD03\system\Boot.php(363): CodeIgniter\CodeIgniter->run()
#12 C:\wamp64\www\fs2025\ADHD03\system\Boot.php(68): CodeIgniter\Boot::runCodeIgniter(Object(CodeIgniter\CodeIgniter))
#13 C:\wamp64\www\fs2025\ADHD03\public\index.php(59): CodeIgniter\Boot::bootWeb(Object(Config\Paths))
#14 {main}
CRITICAL - 2025-09-19 22:07:29 --> CodeIgniter\Database\Exceptions\DatabaseException: Cannot add or update a child row: a foreign key constraint fails (`fs2025_biblioteca`.`libros`, CONSTRAINT `libros_ibfk_2` FOREIGN KEY (`codigo_editorial`) REFERENCES `editoriales` (`codigo_editorial`) ON DELETE CASCADE ON UPDATE CASCADE)
[Method: POST, Route: actualizar_libro]
in SYSTEMPATH\Database\BaseConnection.php on line 684.
 1 SYSTEMPATH\Database\BaseBuilder.php(2521): CodeIgniter\Database\BaseConnection->query('UPDATE `libros` SET `codigo_autor` = :codigo_autor:, `codigo_editorial` = :codigo_editorial:, `titulo` = :titulo:, `precio` = :precio:, `estado` = :estado:
WHERE `libros`.`codigo_libro` IN :libros.codigo_libro:', [...], false)
 2 SYSTEMPATH\Model.php(461): CodeIgniter\Database\BaseBuilder->update()
 3 SYSTEMPATH\BaseModel.php(1025): CodeIgniter\Model->doUpdate([...], [...])
 4 SYSTEMPATH\Model.php(860): CodeIgniter\BaseModel->update([...], [...])
 5 APPPATH\Controllers\LibrosController.php(81): CodeIgniter\Model->update('100031', [...])
 6 SYSTEMPATH\CodeIgniter.php(933): App\Controllers\LibrosController->actualizar()
 7 SYSTEMPATH\CodeIgniter.php(507): CodeIgniter\CodeIgniter->runController(Object(App\Controllers\LibrosController))
 8 SYSTEMPATH\CodeIgniter.php(354): CodeIgniter\CodeIgniter->handleRequest(null, Object(Config\Cache), false)
 9 SYSTEMPATH\Boot.php(363): CodeIgniter\CodeIgniter->run()
10 SYSTEMPATH\Boot.php(68): CodeIgniter\Boot::runCodeIgniter(Object(CodeIgniter\CodeIgniter))
11 FCPATH\index.php(59): CodeIgniter\Boot::bootWeb(Object(Config\Paths))
CRITICAL - 2025-09-19 22:07:29 --> [Caused by] CodeIgniter\Database\Exceptions\DatabaseException: Cannot add or update a child row: a foreign key constraint fails (`fs2025_biblioteca`.`libros`, CONSTRAINT `libros_ibfk_2` FOREIGN KEY (`codigo_editorial`) REFERENCES `editoriales` (`codigo_editorial`) ON DELETE CASCADE ON UPDATE CASCADE)
in SYSTEMPATH\Database\MySQLi\Connection.php on line 332.
 1 SYSTEMPATH\Database\BaseConnection.php(729): CodeIgniter\Database\MySQLi\Connection->execute('UPDATE `libros` SET `codigo_autor` = \'9\', `codigo_editorial` = \'Editorial\', `titulo` = \'Libro 31\', `precio` = \'90\', `estado` = NULL
WHERE `libros`.`codigo_libro` IN (\'100031\')')
 2 SYSTEMPATH\Database\BaseConnection.php(646): CodeIgniter\Database\BaseConnection->simpleQuery('UPDATE `libros` SET `codigo_autor` = \'9\', `codigo_editorial` = \'Editorial\', `titulo` = \'Libro 31\', `precio` = \'90\', `estado` = NULL
WHERE `libros`.`codigo_libro` IN (\'100031\')')
 3 SYSTEMPATH\Database\BaseBuilder.php(2521): CodeIgniter\Database\BaseConnection->query('UPDATE `libros` SET `codigo_autor` = :codigo_autor:, `codigo_editorial` = :codigo_editorial:, `titulo` = :titulo:, `precio` = :precio:, `estado` = :estado:
WHERE `libros`.`codigo_libro` IN :libros.codigo_libro:', [...], false)
 4 SYSTEMPATH\Model.php(461): CodeIgniter\Database\BaseBuilder->update()
 5 SYSTEMPATH\BaseModel.php(1025): CodeIgniter\Model->doUpdate([...], [...])
 6 SYSTEMPATH\Model.php(860): CodeIgniter\BaseModel->update([...], [...])
 7 APPPATH\Controllers\LibrosController.php(81): CodeIgniter\Model->update('100031', [...])
 8 SYSTEMPATH\CodeIgniter.php(933): App\Controllers\LibrosController->actualizar()
 9 SYSTEMPATH\CodeIgniter.php(507): CodeIgniter\CodeIgniter->runController(Object(App\Controllers\LibrosController))
10 SYSTEMPATH\CodeIgniter.php(354): CodeIgniter\CodeIgniter->handleRequest(null, Object(Config\Cache), false)
11 SYSTEMPATH\Boot.php(363): CodeIgniter\CodeIgniter->run()
12 SYSTEMPATH\Boot.php(68): CodeIgniter\Boot::runCodeIgniter(Object(CodeIgniter\CodeIgniter))
13 FCPATH\index.php(59): CodeIgniter\Boot::bootWeb(Object(Config\Paths))
CRITICAL - 2025-09-19 22:07:29 --> [Caused by] mysqli_sql_exception: Cannot add or update a child row: a foreign key constraint fails (`fs2025_biblioteca`.`libros`, CONSTRAINT `libros_ibfk_2` FOREIGN KEY (`codigo_editorial`) REFERENCES `editoriales` (`codigo_editorial`) ON DELETE CASCADE ON UPDATE CASCADE)
in SYSTEMPATH\Database\MySQLi\Connection.php on line 327.
 1 SYSTEMPATH\Database\MySQLi\Connection.php(327): mysqli->query('UPDATE `libros` SET `codigo_autor` = \'9\', `codigo_editorial` = \'Editorial\', `titulo` = \'Libro 31\', `precio` = \'90\', `estado` = NULL
WHERE `libros`.`codigo_libro` IN (\'100031\')', 0)
 2 SYSTEMPATH\Database\BaseConnection.php(729): CodeIgniter\Database\MySQLi\Connection->execute('UPDATE `libros` SET `codigo_autor` = \'9\', `codigo_editorial` = \'Editorial\', `titulo` = \'Libro 31\', `precio` = \'90\', `estado` = NULL
WHERE `libros`.`codigo_libro` IN (\'100031\')')
 3 SYSTEMPATH\Database\BaseConnection.php(646): CodeIgniter\Database\BaseConnection->simpleQuery('UPDATE `libros` SET `codigo_autor` = \'9\', `codigo_editorial` = \'Editorial\', `titulo` = \'Libro 31\', `precio` = \'90\', `estado` = NULL
WHERE `libros`.`codigo_libro` IN (\'100031\')')
 4 SYSTEMPATH\Database\BaseBuilder.php(2521): CodeIgniter\Database\BaseConnection->query('UPDATE `libros` SET `codigo_autor` = :codigo_autor:, `codigo_editorial` = :codigo_editorial:, `titulo` = :titulo:, `precio` = :precio:, `estado` = :estado:
WHERE `libros`.`codigo_libro` IN :libros.codigo_libro:', [...], false)
 5 SYSTEMPATH\Model.php(461): CodeIgniter\Database\BaseBuilder->update()
 6 SYSTEMPATH\BaseModel.php(1025): CodeIgniter\Model->doUpdate([...], [...])
 7 SYSTEMPATH\Model.php(860): CodeIgniter\BaseModel->update([...], [...])
 8 APPPATH\Controllers\LibrosController.php(81): CodeIgniter\Model->update('100031', [...])
 9 SYSTEMPATH\CodeIgniter.php(933): App\Controllers\LibrosController->actualizar()
10 SYSTEMPATH\CodeIgniter.php(507): CodeIgniter\CodeIgniter->runController(Object(App\Controllers\LibrosController))
11 SYSTEMPATH\CodeIgniter.php(354): CodeIgniter\CodeIgniter->handleRequest(null, Object(Config\Cache), false)
12 SYSTEMPATH\Boot.php(363): CodeIgniter\CodeIgniter->run()
13 SYSTEMPATH\Boot.php(68): CodeIgniter\Boot::runCodeIgniter(Object(CodeIgniter\CodeIgniter))
14 FCPATH\index.php(59): CodeIgniter\Boot::bootWeb(Object(Config\Paths))
ERROR - 2025-09-19 22:07:40 --> mysqli_sql_exception: Cannot add or update a child row: a foreign key constraint fails (`fs2025_biblioteca`.`libros`, CONSTRAINT `libros_ibfk_2` FOREIGN KEY (`codigo_editorial`) REFERENCES `editoriales` (`codigo_editorial`) ON DELETE CASCADE ON UPDATE CASCADE) in C:\wamp64\www\fs2025\ADHD03\system\Database\MySQLi\Connection.php:327
Stack trace:
#0 C:\wamp64\www\fs2025\ADHD03\system\Database\MySQLi\Connection.php(327): mysqli->query('UPDATE `libros`...', 0)
#1 C:\wamp64\www\fs2025\ADHD03\system\Database\BaseConnection.php(729): CodeIgniter\Database\MySQLi\Connection->execute('UPDATE `libros`...')
#2 C:\wamp64\www\fs2025\ADHD03\system\Database\BaseConnection.php(646): CodeIgniter\Database\BaseConnection->simpleQuery('UPDATE `libros`...')
#3 C:\wamp64\www\fs2025\ADHD03\system\Database\BaseBuilder.php(2521): CodeIgniter\Database\BaseConnection->query('UPDATE `libros`...', Array, false)
#4 C:\wamp64\www\fs2025\ADHD03\system\Model.php(461): CodeIgniter\Database\BaseBuilder->update()
#5 C:\wamp64\www\fs2025\ADHD03\system\BaseModel.php(1025): CodeIgniter\Model->doUpdate(Array, Array)
#6 C:\wamp64\www\fs2025\ADHD03\system\Model.php(860): CodeIgniter\BaseModel->update(Array, Array)
#7 C:\wamp64\www\fs2025\ADHD03\app\Controllers\LibrosController.php(81): CodeIgniter\Model->update('100031', Array)
#8 C:\wamp64\www\fs2025\ADHD03\system\CodeIgniter.php(933): App\Controllers\LibrosController->actualizar()
#9 C:\wamp64\www\fs2025\ADHD03\system\CodeIgniter.php(507): CodeIgniter\CodeIgniter->runController(Object(App\Controllers\LibrosController))
#10 C:\wamp64\www\fs2025\ADHD03\system\CodeIgniter.php(354): CodeIgniter\CodeIgniter->handleRequest(NULL, Object(Config\Cache), false)
#11 C:\wamp64\www\fs2025\ADHD03\system\Boot.php(363): CodeIgniter\CodeIgniter->run()
#12 C:\wamp64\www\fs2025\ADHD03\system\Boot.php(68): CodeIgniter\Boot::runCodeIgniter(Object(CodeIgniter\CodeIgniter))
#13 C:\wamp64\www\fs2025\ADHD03\public\index.php(59): CodeIgniter\Boot::bootWeb(Object(Config\Paths))
#14 {main}
CRITICAL - 2025-09-19 22:07:40 --> CodeIgniter\Database\Exceptions\DatabaseException: Cannot add or update a child row: a foreign key constraint fails (`fs2025_biblioteca`.`libros`, CONSTRAINT `libros_ibfk_2` FOREIGN KEY (`codigo_editorial`) REFERENCES `editoriales` (`codigo_editorial`) ON DELETE CASCADE ON UPDATE CASCADE)
[Method: POST, Route: actualizar_libro]
in SYSTEMPATH\Database\BaseConnection.php on line 684.
 1 SYSTEMPATH\Database\BaseBuilder.php(2521): CodeIgniter\Database\BaseConnection->query('UPDATE `libros` SET `codigo_autor` = :codigo_autor:, `codigo_editorial` = :codigo_editorial:, `titulo` = :titulo:, `precio` = :precio:, `estado` = :estado:
WHERE `libros`.`codigo_libro` IN :libros.codigo_libro:', [...], false)
 2 SYSTEMPATH\Model.php(461): CodeIgniter\Database\BaseBuilder->update()
 3 SYSTEMPATH\BaseModel.php(1025): CodeIgniter\Model->doUpdate([...], [...])
 4 SYSTEMPATH\Model.php(860): CodeIgniter\BaseModel->update([...], [...])
 5 APPPATH\Controllers\LibrosController.php(81): CodeIgniter\Model->update('100031', [...])
 6 SYSTEMPATH\CodeIgniter.php(933): App\Controllers\LibrosController->actualizar()
 7 SYSTEMPATH\CodeIgniter.php(507): CodeIgniter\CodeIgniter->runController(Object(App\Controllers\LibrosController))
 8 SYSTEMPATH\CodeIgniter.php(354): CodeIgniter\CodeIgniter->handleRequest(null, Object(Config\Cache), false)
 9 SYSTEMPATH\Boot.php(363): CodeIgniter\CodeIgniter->run()
10 SYSTEMPATH\Boot.php(68): CodeIgniter\Boot::runCodeIgniter(Object(CodeIgniter\CodeIgniter))
11 FCPATH\index.php(59): CodeIgniter\Boot::bootWeb(Object(Config\Paths))
CRITICAL - 2025-09-19 22:07:40 --> [Caused by] CodeIgniter\Database\Exceptions\DatabaseException: Cannot add or update a child row: a foreign key constraint fails (`fs2025_biblioteca`.`libros`, CONSTRAINT `libros_ibfk_2` FOREIGN KEY (`codigo_editorial`) REFERENCES `editoriales` (`codigo_editorial`) ON DELETE CASCADE ON UPDATE CASCADE)
in SYSTEMPATH\Database\MySQLi\Connection.php on line 332.
 1 SYSTEMPATH\Database\BaseConnection.php(729): CodeIgniter\Database\MySQLi\Connection->execute('UPDATE `libros` SET `codigo_autor` = \'9\', `codigo_editorial` = \'Editorial\', `titulo` = \'Libro 31\', `precio` = \'90\', `estado` = NULL
WHERE `libros`.`codigo_libro` IN (\'100031\')')
 2 SYSTEMPATH\Database\BaseConnection.php(646): CodeIgniter\Database\BaseConnection->simpleQuery('UPDATE `libros` SET `codigo_autor` = \'9\', `codigo_editorial` = \'Editorial\', `titulo` = \'Libro 31\', `precio` = \'90\', `estado` = NULL
WHERE `libros`.`codigo_libro` IN (\'100031\')')
 3 SYSTEMPATH\Database\BaseBuilder.php(2521): CodeIgniter\Database\BaseConnection->query('UPDATE `libros` SET `codigo_autor` = :codigo_autor:, `codigo_editorial` = :codigo_editorial:, `titulo` = :titulo:, `precio` = :precio:, `estado` = :estado:
WHERE `libros`.`codigo_libro` IN :libros.codigo_libro:', [...], false)
 4 SYSTEMPATH\Model.php(461): CodeIgniter\Database\BaseBuilder->update()
 5 SYSTEMPATH\BaseModel.php(1025): CodeIgniter\Model->doUpdate([...], [...])
 6 SYSTEMPATH\Model.php(860): CodeIgniter\BaseModel->update([...], [...])
 7 APPPATH\Controllers\LibrosController.php(81): CodeIgniter\Model->update('100031', [...])
 8 SYSTEMPATH\CodeIgniter.php(933): App\Controllers\LibrosController->actualizar()
 9 SYSTEMPATH\CodeIgniter.php(507): CodeIgniter\CodeIgniter->runController(Object(App\Controllers\LibrosController))
10 SYSTEMPATH\CodeIgniter.php(354): CodeIgniter\CodeIgniter->handleRequest(null, Object(Config\Cache), false)
11 SYSTEMPATH\Boot.php(363): CodeIgniter\CodeIgniter->run()
12 SYSTEMPATH\Boot.php(68): CodeIgniter\Boot::runCodeIgniter(Object(CodeIgniter\CodeIgniter))
13 FCPATH\index.php(59): CodeIgniter\Boot::bootWeb(Object(Config\Paths))
CRITICAL - 2025-09-19 22:07:40 --> [Caused by] mysqli_sql_exception: Cannot add or update a child row: a foreign key constraint fails (`fs2025_biblioteca`.`libros`, CONSTRAINT `libros_ibfk_2` FOREIGN KEY (`codigo_editorial`) REFERENCES `editoriales` (`codigo_editorial`) ON DELETE CASCADE ON UPDATE CASCADE)
in SYSTEMPATH\Database\MySQLi\Connection.php on line 327.
 1 SYSTEMPATH\Database\MySQLi\Connection.php(327): mysqli->query('UPDATE `libros` SET `codigo_autor` = \'9\', `codigo_editorial` = \'Editorial\', `titulo` = \'Libro 31\', `precio` = \'90\', `estado` = NULL
WHERE `libros`.`codigo_libro` IN (\'100031\')', 0)
 2 SYSTEMPATH\Database\BaseConnection.php(729): CodeIgniter\Database\MySQLi\Connection->execute('UPDATE `libros` SET `codigo_autor` = \'9\', `codigo_editorial` = \'Editorial\', `titulo` = \'Libro 31\', `precio` = \'90\', `estado` = NULL
WHERE `libros`.`codigo_libro` IN (\'100031\')')
 3 SYSTEMPATH\Database\BaseConnection.php(646): CodeIgniter\Database\BaseConnection->simpleQuery('UPDATE `libros` SET `codigo_autor` = \'9\', `codigo_editorial` = \'Editorial\', `titulo` = \'Libro 31\', `precio` = \'90\', `estado` = NULL
WHERE `libros`.`codigo_libro` IN (\'100031\')')
 4 SYSTEMPATH\Database\BaseBuilder.php(2521): CodeIgniter\Database\BaseConnection->query('UPDATE `libros` SET `codigo_autor` = :codigo_autor:, `codigo_editorial` = :codigo_editorial:, `titulo` = :titulo:, `precio` = :precio:, `estado` = :estado:
WHERE `libros`.`codigo_libro` IN :libros.codigo_libro:', [...], false)
 5 SYSTEMPATH\Model.php(461): CodeIgniter\Database\BaseBuilder->update()
 6 SYSTEMPATH\BaseModel.php(1025): CodeIgniter\Model->doUpdate([...], [...])
 7 SYSTEMPATH\Model.php(860): CodeIgniter\BaseModel->update([...], [...])
 8 APPPATH\Controllers\LibrosController.php(81): CodeIgniter\Model->update('100031', [...])
 9 SYSTEMPATH\CodeIgniter.php(933): App\Controllers\LibrosController->actualizar()
10 SYSTEMPATH\CodeIgniter.php(507): CodeIgniter\CodeIgniter->runController(Object(App\Controllers\LibrosController))
11 SYSTEMPATH\CodeIgniter.php(354): CodeIgniter\CodeIgniter->handleRequest(null, Object(Config\Cache), false)
12 SYSTEMPATH\Boot.php(363): CodeIgniter\CodeIgniter->run()
13 SYSTEMPATH\Boot.php(68): CodeIgniter\Boot::runCodeIgniter(Object(CodeIgniter\CodeIgniter))
14 FCPATH\index.php(59): CodeIgniter\Boot::bootWeb(Object(Config\Paths))
